::1 - - [Tue, 19 Feb 2019 01:37:14 GMT] "GET / HTTP/1.1" 200 6244 "-" "Mozilla/5.0 (Windows NT 10.0; WOW64) AppleWebKit/537.36 (KHTML, like Gecko) Chrome/68.0.3440.106 Safari/537.36"
::1 - - [Tue, 19 Feb 2019 01:37:14 GMT] "GET /stylesheets/style.css HTTP/1.1" 304 - "http://localhost:3000/" "Mozilla/5.0 (Windows NT 10.0; WOW64) AppleWebKit/537.36 (KHTML, like Gecko) Chrome/68.0.3440.106 Safari/537.36"
::1 - - [Tue, 19 Feb 2019 01:37:16 GMT] "GET /favicon.ico HTTP/1.1" 304 - "http://localhost:3000/" "Mozilla/5.0 (Windows NT 10.0; WOW64) AppleWebKit/537.36 (KHTML, like Gecko) Chrome/68.0.3440.106 Safari/537.36"
::1 - - [Tue, 19 Feb 2019 02:21:24 GMT] "GET /search?keyword=sdgdsgsgfsfds HTTP/1.1" 200 967 "-" "Mozilla/5.0 (Windows NT 10.0; WOW64) AppleWebKit/537.36 (KHTML, like Gecko) Chrome/68.0.3440.106 Safari/537.36"
::1 - - [Tue, 19 Feb 2019 02:21:24 GMT] "GET /stylesheets/style.css HTTP/1.1" 304 - "http://localhost:3000/search?keyword=sdgdsgsgfsfds" "Mozilla/5.0 (Windows NT 10.0; WOW64) AppleWebKit/537.36 (KHTML, like Gecko) Chrome/68.0.3440.106 Safari/537.36"
::1 - - [Tue, 19 Feb 2019 02:21:24 GMT] "GET /favicon.ico HTTP/1.1" 200 216 "http://localhost:3000/search?keyword=sdgdsgsgfsfds" "Mozilla/5.0 (Windows NT 10.0; WOW64) AppleWebKit/537.36 (KHTML, like Gecko) Chrome/68.0.3440.106 Safari/537.36"
::1 - - [Tue, 19 Feb 2019 02:22:53 GMT] "GET /u/Fischfilet/2019-2-18/sdgdsgsgfsfds HTTP/1.1" 200 216 "-" "Mozilla/5.0 (Windows NT 10.0; WOW64) AppleWebKit/537.36 (KHTML, like Gecko) Chrome/68.0.3440.106 Safari/537.36"
::1 - - [Tue, 19 Feb 2019 02:22:53 GMT] "GET /favicon.ico HTTP/1.1" 200 216 "http://localhost:3000/u/Fischfilet/2019-2-18/sdgdsgsgfsfds" "Mozilla/5.0 (Windows NT 10.0; WOW64) AppleWebKit/537.36 (KHTML, like Gecko) Chrome/68.0.3440.106 Safari/537.36"
::1 - - [Tue, 19 Feb 2019 02:23:01 GMT] "GET / HTTP/1.1" 200 6205 "-" "Mozilla/5.0 (Windows NT 10.0; WOW64) AppleWebKit/537.36 (KHTML, like Gecko) Chrome/68.0.3440.106 Safari/537.36"
::1 - - [Tue, 19 Feb 2019 02:23:01 GMT] "GET /stylesheets/style.css HTTP/1.1" 304 - "http://localhost:3000/" "Mozilla/5.0 (Windows NT 10.0; WOW64) AppleWebKit/537.36 (KHTML, like Gecko) Chrome/68.0.3440.106 Safari/537.36"
::1 - - [Tue, 19 Feb 2019 02:23:01 GMT] "GET /favicon.ico HTTP/1.1" 304 - "http://localhost:3000/" "Mozilla/5.0 (Windows NT 10.0; WOW64) AppleWebKit/537.36 (KHTML, like Gecko) Chrome/68.0.3440.106 Safari/537.36"
::1 - - [Tue, 19 Feb 2019 02:23:02 GMT] "GET /p/5c6a6702261a260c7cdc6e42 HTTP/1.1" 200 1278 "http://localhost:3000/" "Mozilla/5.0 (Windows NT 10.0; WOW64) AppleWebKit/537.36 (KHTML, like Gecko) Chrome/68.0.3440.106 Safari/537.36"
::1 - - [Tue, 19 Feb 2019 02:23:02 GMT] "GET /stylesheets/style.css HTTP/1.1" 304 - "http://localhost:3000/p/5c6a6702261a260c7cdc6e42" "Mozilla/5.0 (Windows NT 10.0; WOW64) AppleWebKit/537.36 (KHTML, like Gecko) Chrome/68.0.3440.106 Safari/537.36"
::1 - - [Tue, 19 Feb 2019 02:23:02 GMT] "GET /favicon.ico HTTP/1.1" 304 - "http://localhost:3000/p/5c6a6702261a260c7cdc6e42" "Mozilla/5.0 (Windows NT 10.0; WOW64) AppleWebKit/537.36 (KHTML, like Gecko) Chrome/68.0.3440.106 Safari/537.36"
::1 - - [Tue, 19 Feb 2019 02:23:05 GMT] "GET / HTTP/1.1" 200 6205 "http://localhost:3000/p/5c6a6702261a260c7cdc6e42" "Mozilla/5.0 (Windows NT 10.0; WOW64) AppleWebKit/537.36 (KHTML, like Gecko) Chrome/68.0.3440.106 Safari/537.36"
::1 - - [Tue, 19 Feb 2019 02:23:05 GMT] "GET /stylesheets/style.css HTTP/1.1" 304 - "http://localhost:3000/" "Mozilla/5.0 (Windows NT 10.0; WOW64) AppleWebKit/537.36 (KHTML, like Gecko) Chrome/68.0.3440.106 Safari/537.36"
::1 - - [Tue, 19 Feb 2019 02:23:05 GMT] "GET /favicon.ico HTTP/1.1" 304 - "http://localhost:3000/" "Mozilla/5.0 (Windows NT 10.0; WOW64) AppleWebKit/537.36 (KHTML, like Gecko) Chrome/68.0.3440.106 Safari/537.36"
::1 - - [Tue, 19 Feb 2019 02:23:11 GMT] "GET /search?keyword=dfds HTTP/1.1" 200 1160 "http://localhost:3000/" "Mozilla/5.0 (Windows NT 10.0; WOW64) AppleWebKit/537.36 (KHTML, like Gecko) Chrome/68.0.3440.106 Safari/537.36"
::1 - - [Tue, 19 Feb 2019 02:23:11 GMT] "GET /stylesheets/style.css HTTP/1.1" 304 - "http://localhost:3000/search?keyword=dfds" "Mozilla/5.0 (Windows NT 10.0; WOW64) AppleWebKit/537.36 (KHTML, like Gecko) Chrome/68.0.3440.106 Safari/537.36"
::1 - - [Tue, 19 Feb 2019 02:23:11 GMT] "GET /favicon.ico HTTP/1.1" 304 - "http://localhost:3000/search?keyword=dfds" "Mozilla/5.0 (Windows NT 10.0; WOW64) AppleWebKit/537.36 (KHTML, like Gecko) Chrome/68.0.3440.106 Safari/537.36"
::1 - - [Tue, 19 Feb 2019 02:23:14 GMT] "GET /login HTTP/1.1" 200 974 "http://localhost:3000/search?keyword=dfds" "Mozilla/5.0 (Windows NT 10.0; WOW64) AppleWebKit/537.36 (KHTML, like Gecko) Chrome/68.0.3440.106 Safari/537.36"
::1 - - [Tue, 19 Feb 2019 02:23:14 GMT] "GET /stylesheets/style.css HTTP/1.1" 304 - "http://localhost:3000/login" "Mozilla/5.0 (Windows NT 10.0; WOW64) AppleWebKit/537.36 (KHTML, like Gecko) Chrome/68.0.3440.106 Safari/537.36"
::1 - - [Tue, 19 Feb 2019 02:23:14 GMT] "GET /favicon.ico HTTP/1.1" 304 - "http://localhost:3000/login" "Mozilla/5.0 (Windows NT 10.0; WOW64) AppleWebKit/537.36 (KHTML, like Gecko) Chrome/68.0.3440.106 Safari/537.36"
::1 - - [Tue, 19 Feb 2019 02:23:14 GMT] "GET /archive HTTP/1.1" 200 2789 "http://localhost:3000/login" "Mozilla/5.0 (Windows NT 10.0; WOW64) AppleWebKit/537.36 (KHTML, like Gecko) Chrome/68.0.3440.106 Safari/537.36"
::1 - - [Tue, 19 Feb 2019 02:23:14 GMT] "GET /stylesheets/style.css HTTP/1.1" 304 - "http://localhost:3000/archive" "Mozilla/5.0 (Windows NT 10.0; WOW64) AppleWebKit/537.36 (KHTML, like Gecko) Chrome/68.0.3440.106 Safari/537.36"
::1 - - [Tue, 19 Feb 2019 02:23:14 GMT] "GET /favicon.ico HTTP/1.1" 304 - "http://localhost:3000/archive" "Mozilla/5.0 (Windows NT 10.0; WOW64) AppleWebKit/537.36 (KHTML, like Gecko) Chrome/68.0.3440.106 Safari/537.36"
::1 - - [Tue, 19 Feb 2019 02:23:15 GMT] "GET / HTTP/1.1" 304 - "http://localhost:3000/archive" "Mozilla/5.0 (Windows NT 10.0; WOW64) AppleWebKit/537.36 (KHTML, like Gecko) Chrome/68.0.3440.106 Safari/537.36"
::1 - - [Tue, 19 Feb 2019 02:23:15 GMT] "GET /stylesheets/style.css HTTP/1.1" 304 - "http://localhost:3000/" "Mozilla/5.0 (Windows NT 10.0; WOW64) AppleWebKit/537.36 (KHTML, like Gecko) Chrome/68.0.3440.106 Safari/537.36"
::1 - - [Tue, 19 Feb 2019 02:23:15 GMT] "GET /favicon.ico HTTP/1.1" 304 - "http://localhost:3000/" "Mozilla/5.0 (Windows NT 10.0; WOW64) AppleWebKit/537.36 (KHTML, like Gecko) Chrome/68.0.3440.106 Safari/537.36"
::1 - - [Tue, 19 Feb 2019 02:23:16 GMT] "GET /login HTTP/1.1" 304 - "http://localhost:3000/" "Mozilla/5.0 (Windows NT 10.0; WOW64) AppleWebKit/537.36 (KHTML, like Gecko) Chrome/68.0.3440.106 Safari/537.36"
::1 - - [Tue, 19 Feb 2019 02:23:16 GMT] "GET /stylesheets/style.css HTTP/1.1" 304 - "http://localhost:3000/login" "Mozilla/5.0 (Windows NT 10.0; WOW64) AppleWebKit/537.36 (KHTML, like Gecko) Chrome/68.0.3440.106 Safari/537.36"
::1 - - [Tue, 19 Feb 2019 02:23:16 GMT] "GET /favicon.ico HTTP/1.1" 304 - "http://localhost:3000/login" "Mozilla/5.0 (Windows NT 10.0; WOW64) AppleWebKit/537.36 (KHTML, like Gecko) Chrome/68.0.3440.106 Safari/537.36"
::1 - - [Tue, 19 Feb 2019 02:23:17 GMT] "GET /reg HTTP/1.1" 200 1107 "http://localhost:3000/login" "Mozilla/5.0 (Windows NT 10.0; WOW64) AppleWebKit/537.36 (KHTML, like Gecko) Chrome/68.0.3440.106 Safari/537.36"
::1 - - [Tue, 19 Feb 2019 02:23:17 GMT] "GET /stylesheets/style.css HTTP/1.1" 304 - "http://localhost:3000/reg" "Mozilla/5.0 (Windows NT 10.0; WOW64) AppleWebKit/537.36 (KHTML, like Gecko) Chrome/68.0.3440.106 Safari/537.36"
::1 - - [Tue, 19 Feb 2019 02:23:17 GMT] "GET /favicon.ico HTTP/1.1" 304 - "http://localhost:3000/reg" "Mozilla/5.0 (Windows NT 10.0; WOW64) AppleWebKit/537.36 (KHTML, like Gecko) Chrome/68.0.3440.106 Safari/537.36"
::1 - - [Tue, 19 Feb 2019 02:23:18 GMT] "GET / HTTP/1.1" 304 - "http://localhost:3000/reg" "Mozilla/5.0 (Windows NT 10.0; WOW64) AppleWebKit/537.36 (KHTML, like Gecko) Chrome/68.0.3440.106 Safari/537.36"
::1 - - [Tue, 19 Feb 2019 02:23:18 GMT] "GET /stylesheets/style.css HTTP/1.1" 304 - "http://localhost:3000/" "Mozilla/5.0 (Windows NT 10.0; WOW64) AppleWebKit/537.36 (KHTML, like Gecko) Chrome/68.0.3440.106 Safari/537.36"
::1 - - [Tue, 19 Feb 2019 02:23:18 GMT] "GET /favicon.ico HTTP/1.1" 304 - "http://localhost:3000/" "Mozilla/5.0 (Windows NT 10.0; WOW64) AppleWebKit/537.36 (KHTML, like Gecko) Chrome/68.0.3440.106 Safari/537.36"
::1 - - [Tue, 19 Feb 2019 02:23:19 GMT] "GET /p/5c6a6702261a260c7cdc6e42 HTTP/1.1" 200 1278 "http://localhost:3000/" "Mozilla/5.0 (Windows NT 10.0; WOW64) AppleWebKit/537.36 (KHTML, like Gecko) Chrome/68.0.3440.106 Safari/537.36"
::1 - - [Tue, 19 Feb 2019 02:23:19 GMT] "GET /stylesheets/style.css HTTP/1.1" 304 - "http://localhost:3000/p/5c6a6702261a260c7cdc6e42" "Mozilla/5.0 (Windows NT 10.0; WOW64) AppleWebKit/537.36 (KHTML, like Gecko) Chrome/68.0.3440.106 Safari/537.36"
::1 - - [Tue, 19 Feb 2019 02:23:19 GMT] "GET /favicon.ico HTTP/1.1" 304 - "http://localhost:3000/p/5c6a6702261a260c7cdc6e42" "Mozilla/5.0 (Windows NT 10.0; WOW64) AppleWebKit/537.36 (KHTML, like Gecko) Chrome/68.0.3440.106 Safari/537.36"
::1 - - [Fri, 22 Feb 2019 02:19:53 GMT] "GET / HTTP/1.1" 200 6205 "-" "Mozilla/5.0 (Windows NT 10.0; WOW64) AppleWebKit/537.36 (KHTML, like Gecko) Chrome/68.0.3440.106 Safari/537.36"
::1 - - [Fri, 22 Feb 2019 02:19:53 GMT] "GET /stylesheets/style.css HTTP/1.1" 200 1800 "http://localhost:3000/" "Mozilla/5.0 (Windows NT 10.0; WOW64) AppleWebKit/537.36 (KHTML, like Gecko) Chrome/68.0.3440.106 Safari/537.36"
::1 - - [Fri, 22 Feb 2019 02:19:54 GMT] "GET /favicon.ico HTTP/1.1" 200 216 "http://localhost:3000/" "Mozilla/5.0 (Windows NT 10.0; WOW64) AppleWebKit/537.36 (KHTML, like Gecko) Chrome/68.0.3440.106 Safari/537.36"
::1 - - [Fri, 22 Feb 2019 02:19:56 GMT] "GET /reg HTTP/1.1" 200 1107 "http://localhost:3000/" "Mozilla/5.0 (Windows NT 10.0; WOW64) AppleWebKit/537.36 (KHTML, like Gecko) Chrome/68.0.3440.106 Safari/537.36"
::1 - - [Fri, 22 Feb 2019 02:19:56 GMT] "GET /stylesheets/style.css HTTP/1.1" 304 - "http://localhost:3000/reg" "Mozilla/5.0 (Windows NT 10.0; WOW64) AppleWebKit/537.36 (KHTML, like Gecko) Chrome/68.0.3440.106 Safari/537.36"
::1 - - [Fri, 22 Feb 2019 02:19:56 GMT] "GET /favicon.ico HTTP/1.1" 304 - "http://localhost:3000/reg" "Mozilla/5.0 (Windows NT 10.0; WOW64) AppleWebKit/537.36 (KHTML, like Gecko) Chrome/68.0.3440.106 Safari/537.36"
::1 - - [Fri, 22 Feb 2019 02:20:55 GMT] "GET /reg HTTP/1.1" 304 - "-" "Mozilla/5.0 (Windows NT 10.0; WOW64) AppleWebKit/537.36 (KHTML, like Gecko) Chrome/68.0.3440.106 Safari/537.36"
::1 - - [Fri, 22 Feb 2019 02:20:55 GMT] "GET /stylesheets/style.css HTTP/1.1" 304 - "http://localhost:3000/reg" "Mozilla/5.0 (Windows NT 10.0; WOW64) AppleWebKit/537.36 (KHTML, like Gecko) Chrome/68.0.3440.106 Safari/537.36"
::1 - - [Fri, 22 Feb 2019 02:20:55 GMT] "GET /favicon.ico HTTP/1.1" 200 216 "http://localhost:3000/reg" "Mozilla/5.0 (Windows NT 10.0; WOW64) AppleWebKit/537.36 (KHTML, like Gecko) Chrome/68.0.3440.106 Safari/537.36"
::1 - - [Fri, 22 Feb 2019 02:25:56 GMT] "POST /reg HTTP/1.1" 302 52 "http://localhost:3000/reg" "Mozilla/5.0 (Windows NT 10.0; WOW64) AppleWebKit/537.36 (KHTML, like Gecko) Chrome/68.0.3440.106 Safari/537.36"
::1 - - [Fri, 22 Feb 2019 02:25:56 GMT] "GET /reg HTTP/1.1" 200 1107 "http://localhost:3000/reg" "Mozilla/5.0 (Windows NT 10.0; WOW64) AppleWebKit/537.36 (KHTML, like Gecko) Chrome/68.0.3440.106 Safari/537.36"
::1 - - [Fri, 22 Feb 2019 02:25:56 GMT] "GET /stylesheets/style.css HTTP/1.1" 304 - "http://localhost:3000/reg" "Mozilla/5.0 (Windows NT 10.0; WOW64) AppleWebKit/537.36 (KHTML, like Gecko) Chrome/68.0.3440.106 Safari/537.36"
::1 - - [Fri, 22 Feb 2019 02:25:56 GMT] "GET /favicon.ico HTTP/1.1" 304 - "http://localhost:3000/reg" "Mozilla/5.0 (Windows NT 10.0; WOW64) AppleWebKit/537.36 (KHTML, like Gecko) Chrome/68.0.3440.106 Safari/537.36"
::1 - - [Fri, 22 Feb 2019 02:27:05 GMT] "POST /reg HTTP/1.1" 302 52 "http://localhost:3000/reg" "Mozilla/5.0 (Windows NT 10.0; WOW64) AppleWebKit/537.36 (KHTML, like Gecko) Chrome/68.0.3440.106 Safari/537.36"
::1 - - [Fri, 22 Feb 2019 02:27:05 GMT] "GET /reg HTTP/1.1" 200 1107 "http://localhost:3000/reg" "Mozilla/5.0 (Windows NT 10.0; WOW64) AppleWebKit/537.36 (KHTML, like Gecko) Chrome/68.0.3440.106 Safari/537.36"
::1 - - [Fri, 22 Feb 2019 02:27:05 GMT] "GET /stylesheets/style.css HTTP/1.1" 304 - "http://localhost:3000/reg" "Mozilla/5.0 (Windows NT 10.0; WOW64) AppleWebKit/537.36 (KHTML, like Gecko) Chrome/68.0.3440.106 Safari/537.36"
::1 - - [Fri, 22 Feb 2019 02:27:05 GMT] "GET /favicon.ico HTTP/1.1" 304 - "http://localhost:3000/reg" "Mozilla/5.0 (Windows NT 10.0; WOW64) AppleWebKit/537.36 (KHTML, like Gecko) Chrome/68.0.3440.106 Safari/537.36"
::1 - - [Fri, 22 Feb 2019 02:28:24 GMT] "GET /reg HTTP/1.1" 304 - "-" "Mozilla/5.0 (Windows NT 10.0; WOW64) AppleWebKit/537.36 (KHTML, like Gecko) Chrome/68.0.3440.106 Safari/537.36"
::1 - - [Fri, 22 Feb 2019 02:28:24 GMT] "GET /stylesheets/style.css HTTP/1.1" 304 - "http://localhost:3000/reg" "Mozilla/5.0 (Windows NT 10.0; WOW64) AppleWebKit/537.36 (KHTML, like Gecko) Chrome/68.0.3440.106 Safari/537.36"
::1 - - [Fri, 22 Feb 2019 02:28:24 GMT] "GET /favicon.ico HTTP/1.1" 200 216 "http://localhost:3000/reg" "Mozilla/5.0 (Windows NT 10.0; WOW64) AppleWebKit/537.36 (KHTML, like Gecko) Chrome/68.0.3440.106 Safari/537.36"
::1 - - [Fri, 22 Feb 2019 02:28:35 GMT] "POST /reg HTTP/1.1" 302 46 "http://localhost:3000/reg" "Mozilla/5.0 (Windows NT 10.0; WOW64) AppleWebKit/537.36 (KHTML, like Gecko) Chrome/68.0.3440.106 Safari/537.36"
::1 - - [Fri, 22 Feb 2019 02:28:35 GMT] "GET / HTTP/1.1" 304 - "http://localhost:3000/reg" "Mozilla/5.0 (Windows NT 10.0; WOW64) AppleWebKit/537.36 (KHTML, like Gecko) Chrome/68.0.3440.106 Safari/537.36"
::1 - - [Fri, 22 Feb 2019 02:28:35 GMT] "GET /stylesheets/style.css HTTP/1.1" 304 - "http://localhost:3000/" "Mozilla/5.0 (Windows NT 10.0; WOW64) AppleWebKit/537.36 (KHTML, like Gecko) Chrome/68.0.3440.106 Safari/537.36"
::1 - - [Fri, 22 Feb 2019 02:28:35 GMT] "GET /favicon.ico HTTP/1.1" 304 - "http://localhost:3000/" "Mozilla/5.0 (Windows NT 10.0; WOW64) AppleWebKit/537.36 (KHTML, like Gecko) Chrome/68.0.3440.106 Safari/537.36"
::1 - - [Fri, 22 Feb 2019 02:29:17 GMT] "GET /reg HTTP/1.1" 200 1107 "http://localhost:3000/" "Mozilla/5.0 (Windows NT 10.0; WOW64) AppleWebKit/537.36 (KHTML, like Gecko) Chrome/68.0.3440.106 Safari/537.36"
::1 - - [Fri, 22 Feb 2019 02:29:17 GMT] "GET /stylesheets/style.css HTTP/1.1" 304 - "http://localhost:3000/reg" "Mozilla/5.0 (Windows NT 10.0; WOW64) AppleWebKit/537.36 (KHTML, like Gecko) Chrome/68.0.3440.106 Safari/537.36"
::1 - - [Fri, 22 Feb 2019 02:29:17 GMT] "GET /favicon.ico HTTP/1.1" 304 - "http://localhost:3000/reg" "Mozilla/5.0 (Windows NT 10.0; WOW64) AppleWebKit/537.36 (KHTML, like Gecko) Chrome/68.0.3440.106 Safari/537.36"
::1 - - [Fri, 22 Feb 2019 02:29:25 GMT] "POST /reg HTTP/1.1" 302 52 "http://localhost:3000/reg" "Mozilla/5.0 (Windows NT 10.0; WOW64) AppleWebKit/537.36 (KHTML, like Gecko) Chrome/68.0.3440.106 Safari/537.36"
::1 - - [Fri, 22 Feb 2019 02:29:25 GMT] "GET /reg HTTP/1.1" 200 1107 "http://localhost:3000/reg" "Mozilla/5.0 (Windows NT 10.0; WOW64) AppleWebKit/537.36 (KHTML, like Gecko) Chrome/68.0.3440.106 Safari/537.36"
::1 - - [Fri, 22 Feb 2019 02:29:25 GMT] "GET /stylesheets/style.css HTTP/1.1" 304 - "http://localhost:3000/reg" "Mozilla/5.0 (Windows NT 10.0; WOW64) AppleWebKit/537.36 (KHTML, like Gecko) Chrome/68.0.3440.106 Safari/537.36"
::1 - - [Fri, 22 Feb 2019 02:29:25 GMT] "GET /favicon.ico HTTP/1.1" 304 - "http://localhost:3000/reg" "Mozilla/5.0 (Windows NT 10.0; WOW64) AppleWebKit/537.36 (KHTML, like Gecko) Chrome/68.0.3440.106 Safari/537.36"
::1 - - [Fri, 22 Feb 2019 02:31:49 GMT] "POST /reg HTTP/1.1" 302 52 "http://localhost:3000/reg" "Mozilla/5.0 (Windows NT 10.0; WOW64) AppleWebKit/537.36 (KHTML, like Gecko) Chrome/68.0.3440.106 Safari/537.36"
::1 - - [Fri, 22 Feb 2019 02:31:49 GMT] "GET /reg HTTP/1.1" 200 1107 "http://localhost:3000/reg" "Mozilla/5.0 (Windows NT 10.0; WOW64) AppleWebKit/537.36 (KHTML, like Gecko) Chrome/68.0.3440.106 Safari/537.36"
::1 - - [Fri, 22 Feb 2019 02:31:49 GMT] "POST /reg HTTP/1.1" 302 52 "http://localhost:3000/reg" "Mozilla/5.0 (Windows NT 10.0; WOW64) AppleWebKit/537.36 (KHTML, like Gecko) Chrome/68.0.3440.106 Safari/537.36"
::1 - - [Fri, 22 Feb 2019 02:31:49 GMT] "POST /reg HTTP/1.1" 302 52 "http://localhost:3000/reg" "Mozilla/5.0 (Windows NT 10.0; WOW64) AppleWebKit/537.36 (KHTML, like Gecko) Chrome/68.0.3440.106 Safari/537.36"
::1 - - [Fri, 22 Feb 2019 02:31:49 GMT] "GET / HTTP/1.1" 500 956 "-" "Mozilla/5.0 (Windows NT 10.0; WOW64) AppleWebKit/537.36 (KHTML, like Gecko) Chrome/68.0.3440.106 Safari/537.36"
::1 - - [Fri, 22 Feb 2019 02:31:49 GMT] "GET /reg HTTP/1.1" 200 1107 "http://localhost:3000/reg" "Mozilla/5.0 (Windows NT 10.0; WOW64) AppleWebKit/537.36 (KHTML, like Gecko) Chrome/68.0.3440.106 Safari/537.36"
::1 - - [Fri, 22 Feb 2019 02:31:49 GMT] "GET / HTTP/1.1" 500 956 "http://localhost:3000/reg" "Mozilla/5.0 (Windows NT 10.0; WOW64) AppleWebKit/537.36 (KHTML, like Gecko) Chrome/68.0.3440.106 Safari/537.36"
::1 - - [Fri, 22 Feb 2019 02:31:49 GMT] "GET /archive HTTP/1.1" 500 962 "http://localhost:3000/reg" "Mozilla/5.0 (Windows NT 10.0; WOW64) AppleWebKit/537.36 (KHTML, like Gecko) Chrome/68.0.3440.106 Safari/537.36"
::1 - - [Fri, 22 Feb 2019 02:31:49 GMT] "GET / HTTP/1.1" - - "http://localhost:3000/reg" "Mozilla/5.0 (Windows NT 10.0; WOW64) AppleWebKit/537.36 (KHTML, like Gecko) Chrome/68.0.3440.106 Safari/537.36"
::1 - - [Fri, 22 Feb 2019 02:31:49 GMT] "GET / HTTP/1.1" 500 956 "-" "Mozilla/5.0 (Windows NT 10.0; WOW64) AppleWebKit/537.36 (KHTML, like Gecko) Chrome/68.0.3440.106 Safari/537.36"
::1 - - [Fri, 22 Feb 2019 02:31:49 GMT] "GET /favicon.ico HTTP/1.1" 304 - "http://localhost:3000/" "Mozilla/5.0 (Windows NT 10.0; WOW64) AppleWebKit/537.36 (KHTML, like Gecko) Chrome/68.0.3440.106 Safari/537.36"
::1 - - [Fri, 22 Feb 2019 02:32:00 GMT] "GET / HTTP/1.1" 200 6205 "-" "Mozilla/5.0 (Windows NT 10.0; WOW64) AppleWebKit/537.36 (KHTML, like Gecko) Chrome/68.0.3440.106 Safari/537.36"
::1 - - [Fri, 22 Feb 2019 02:32:00 GMT] "GET /stylesheets/style.css HTTP/1.1" 304 - "http://localhost:3000/" "Mozilla/5.0 (Windows NT 10.0; WOW64) AppleWebKit/537.36 (KHTML, like Gecko) Chrome/68.0.3440.106 Safari/537.36"
::1 - - [Fri, 22 Feb 2019 02:32:00 GMT] "GET /favicon.ico HTTP/1.1" 200 216 "http://localhost:3000/" "Mozilla/5.0 (Windows NT 10.0; WOW64) AppleWebKit/537.36 (KHTML, like Gecko) Chrome/68.0.3440.106 Safari/537.36"
::1 - - [Fri, 22 Feb 2019 02:32:03 GMT] "GET /reg HTTP/1.1" 200 1107 "http://localhost:3000/" "Mozilla/5.0 (Windows NT 10.0; WOW64) AppleWebKit/537.36 (KHTML, like Gecko) Chrome/68.0.3440.106 Safari/537.36"
::1 - - [Fri, 22 Feb 2019 02:32:03 GMT] "GET /stylesheets/style.css HTTP/1.1" 304 - "http://localhost:3000/reg" "Mozilla/5.0 (Windows NT 10.0; WOW64) AppleWebKit/537.36 (KHTML, like Gecko) Chrome/68.0.3440.106 Safari/537.36"
::1 - - [Fri, 22 Feb 2019 02:32:03 GMT] "GET /favicon.ico HTTP/1.1" 304 - "http://localhost:3000/reg" "Mozilla/5.0 (Windows NT 10.0; WOW64) AppleWebKit/537.36 (KHTML, like Gecko) Chrome/68.0.3440.106 Safari/537.36"
::1 - - [Fri, 22 Feb 2019 02:32:12 GMT] "POST /reg HTTP/1.1" 302 52 "http://localhost:3000/reg" "Mozilla/5.0 (Windows NT 10.0; WOW64) AppleWebKit/537.36 (KHTML, like Gecko) Chrome/68.0.3440.106 Safari/537.36"
::1 - - [Fri, 22 Feb 2019 02:32:12 GMT] "GET /reg HTTP/1.1" 200 1107 "http://localhost:3000/reg" "Mozilla/5.0 (Windows NT 10.0; WOW64) AppleWebKit/537.36 (KHTML, like Gecko) Chrome/68.0.3440.106 Safari/537.36"
::1 - - [Fri, 22 Feb 2019 02:32:12 GMT] "GET /stylesheets/style.css HTTP/1.1" 304 - "http://localhost:3000/reg" "Mozilla/5.0 (Windows NT 10.0; WOW64) AppleWebKit/537.36 (KHTML, like Gecko) Chrome/68.0.3440.106 Safari/537.36"
::1 - - [Fri, 22 Feb 2019 02:32:12 GMT] "GET /favicon.ico HTTP/1.1" 304 - "http://localhost:3000/reg" "Mozilla/5.0 (Windows NT 10.0; WOW64) AppleWebKit/537.36 (KHTML, like Gecko) Chrome/68.0.3440.106 Safari/537.36"
::1 - - [Fri, 22 Feb 2019 02:32:25 GMT] "POST /reg HTTP/1.1" 302 52 "http://localhost:3000/reg" "Mozilla/5.0 (Windows NT 10.0; WOW64) AppleWebKit/537.36 (KHTML, like Gecko) Chrome/68.0.3440.106 Safari/537.36"
::1 - - [Fri, 22 Feb 2019 02:32:25 GMT] "GET /reg HTTP/1.1" 200 1107 "http://localhost:3000/reg" "Mozilla/5.0 (Windows NT 10.0; WOW64) AppleWebKit/537.36 (KHTML, like Gecko) Chrome/68.0.3440.106 Safari/537.36"
::1 - - [Fri, 22 Feb 2019 02:32:25 GMT] "GET /stylesheets/style.css HTTP/1.1" 304 - "http://localhost:3000/reg" "Mozilla/5.0 (Windows NT 10.0; WOW64) AppleWebKit/537.36 (KHTML, like Gecko) Chrome/68.0.3440.106 Safari/537.36"
::1 - - [Fri, 22 Feb 2019 02:32:25 GMT] "GET /favicon.ico HTTP/1.1" 304 - "http://localhost:3000/reg" "Mozilla/5.0 (Windows NT 10.0; WOW64) AppleWebKit/537.36 (KHTML, like Gecko) Chrome/68.0.3440.106 Safari/537.36"
::1 - - [Fri, 22 Feb 2019 02:32:51 GMT] "POST /reg HTTP/1.1" 302 52 "http://localhost:3000/reg" "Mozilla/5.0 (Windows NT 10.0; WOW64) AppleWebKit/537.36 (KHTML, like Gecko) Chrome/68.0.3440.106 Safari/537.36"
::1 - - [Fri, 22 Feb 2019 02:32:51 GMT] "GET /reg HTTP/1.1" 200 1107 "http://localhost:3000/reg" "Mozilla/5.0 (Windows NT 10.0; WOW64) AppleWebKit/537.36 (KHTML, like Gecko) Chrome/68.0.3440.106 Safari/537.36"
::1 - - [Fri, 22 Feb 2019 02:32:51 GMT] "GET /stylesheets/style.css HTTP/1.1" 304 - "http://localhost:3000/reg" "Mozilla/5.0 (Windows NT 10.0; WOW64) AppleWebKit/537.36 (KHTML, like Gecko) Chrome/68.0.3440.106 Safari/537.36"
::1 - - [Fri, 22 Feb 2019 02:32:51 GMT] "GET /favicon.ico HTTP/1.1" 304 - "http://localhost:3000/reg" "Mozilla/5.0 (Windows NT 10.0; WOW64) AppleWebKit/537.36 (KHTML, like Gecko) Chrome/68.0.3440.106 Safari/537.36"
::1 - - [Fri, 22 Feb 2019 02:33:47 GMT] "POST /reg HTTP/1.1" 302 52 "http://localhost:3000/reg" "Mozilla/5.0 (Windows NT 10.0; WOW64) AppleWebKit/537.36 (KHTML, like Gecko) Chrome/68.0.3440.106 Safari/537.36"
::1 - - [Fri, 22 Feb 2019 02:33:47 GMT] "GET /reg HTTP/1.1" 200 1107 "http://localhost:3000/reg" "Mozilla/5.0 (Windows NT 10.0; WOW64) AppleWebKit/537.36 (KHTML, like Gecko) Chrome/68.0.3440.106 Safari/537.36"
::1 - - [Fri, 22 Feb 2019 02:33:47 GMT] "GET /stylesheets/style.css HTTP/1.1" 304 - "http://localhost:3000/reg" "Mozilla/5.0 (Windows NT 10.0; WOW64) AppleWebKit/537.36 (KHTML, like Gecko) Chrome/68.0.3440.106 Safari/537.36"
::1 - - [Fri, 22 Feb 2019 02:33:47 GMT] "GET /favicon.ico HTTP/1.1" 304 - "http://localhost:3000/reg" "Mozilla/5.0 (Windows NT 10.0; WOW64) AppleWebKit/537.36 (KHTML, like Gecko) Chrome/68.0.3440.106 Safari/537.36"
::1 - - [Fri, 22 Feb 2019 02:34:01 GMT] "POST /reg HTTP/1.1" 302 52 "http://localhost:3000/reg" "Mozilla/5.0 (Windows NT 10.0; WOW64) AppleWebKit/537.36 (KHTML, like Gecko) Chrome/68.0.3440.106 Safari/537.36"
::1 - - [Fri, 22 Feb 2019 02:34:01 GMT] "GET /reg HTTP/1.1" 200 1107 "http://localhost:3000/reg" "Mozilla/5.0 (Windows NT 10.0; WOW64) AppleWebKit/537.36 (KHTML, like Gecko) Chrome/68.0.3440.106 Safari/537.36"
::1 - - [Fri, 22 Feb 2019 02:34:01 GMT] "GET /stylesheets/style.css HTTP/1.1" 304 - "http://localhost:3000/reg" "Mozilla/5.0 (Windows NT 10.0; WOW64) AppleWebKit/537.36 (KHTML, like Gecko) Chrome/68.0.3440.106 Safari/537.36"
::1 - - [Fri, 22 Feb 2019 02:34:01 GMT] "GET /favicon.ico HTTP/1.1" 304 - "http://localhost:3000/reg" "Mozilla/5.0 (Windows NT 10.0; WOW64) AppleWebKit/537.36 (KHTML, like Gecko) Chrome/68.0.3440.106 Safari/537.36"
::1 - - [Fri, 22 Feb 2019 02:35:41 GMT] "POST /reg HTTP/1.1" 302 52 "http://localhost:3000/reg" "Mozilla/5.0 (Windows NT 10.0; WOW64) AppleWebKit/537.36 (KHTML, like Gecko) Chrome/68.0.3440.106 Safari/537.36"
::1 - - [Fri, 22 Feb 2019 02:35:41 GMT] "GET /reg HTTP/1.1" 200 1107 "http://localhost:3000/reg" "Mozilla/5.0 (Windows NT 10.0; WOW64) AppleWebKit/537.36 (KHTML, like Gecko) Chrome/68.0.3440.106 Safari/537.36"
::1 - - [Fri, 22 Feb 2019 02:35:41 GMT] "GET /stylesheets/style.css HTTP/1.1" 304 - "http://localhost:3000/reg" "Mozilla/5.0 (Windows NT 10.0; WOW64) AppleWebKit/537.36 (KHTML, like Gecko) Chrome/68.0.3440.106 Safari/537.36"
::1 - - [Fri, 22 Feb 2019 02:35:41 GMT] "GET /favicon.ico HTTP/1.1" 304 - "http://localhost:3000/reg" "Mozilla/5.0 (Windows NT 10.0; WOW64) AppleWebKit/537.36 (KHTML, like Gecko) Chrome/68.0.3440.106 Safari/537.36"
::1 - - [Fri, 22 Feb 2019 02:36:03 GMT] "POST /reg HTTP/1.1" 302 52 "http://localhost:3000/reg" "Mozilla/5.0 (Windows NT 10.0; WOW64) AppleWebKit/537.36 (KHTML, like Gecko) Chrome/68.0.3440.106 Safari/537.36"
::1 - - [Fri, 22 Feb 2019 02:36:03 GMT] "GET /reg HTTP/1.1" 200 1107 "http://localhost:3000/reg" "Mozilla/5.0 (Windows NT 10.0; WOW64) AppleWebKit/537.36 (KHTML, like Gecko) Chrome/68.0.3440.106 Safari/537.36"
::1 - - [Fri, 22 Feb 2019 02:36:03 GMT] "GET /stylesheets/style.css HTTP/1.1" 304 - "http://localhost:3000/reg" "Mozilla/5.0 (Windows NT 10.0; WOW64) AppleWebKit/537.36 (KHTML, like Gecko) Chrome/68.0.3440.106 Safari/537.36"
::1 - - [Fri, 22 Feb 2019 02:36:03 GMT] "GET /favicon.ico HTTP/1.1" 304 - "http://localhost:3000/reg" "Mozilla/5.0 (Windows NT 10.0; WOW64) AppleWebKit/537.36 (KHTML, like Gecko) Chrome/68.0.3440.106 Safari/537.36"
::1 - - [Fri, 22 Feb 2019 02:42:09 GMT] "POST /reg HTTP/1.1" 302 52 "http://localhost:3000/reg" "Mozilla/5.0 (Windows NT 10.0; WOW64) AppleWebKit/537.36 (KHTML, like Gecko) Chrome/68.0.3440.106 Safari/537.36"
::1 - - [Fri, 22 Feb 2019 02:42:09 GMT] "GET /reg HTTP/1.1" 200 1107 "http://localhost:3000/reg" "Mozilla/5.0 (Windows NT 10.0; WOW64) AppleWebKit/537.36 (KHTML, like Gecko) Chrome/68.0.3440.106 Safari/537.36"
::1 - - [Fri, 22 Feb 2019 02:42:09 GMT] "GET /stylesheets/style.css HTTP/1.1" 304 - "http://localhost:3000/reg" "Mozilla/5.0 (Windows NT 10.0; WOW64) AppleWebKit/537.36 (KHTML, like Gecko) Chrome/68.0.3440.106 Safari/537.36"
::1 - - [Fri, 22 Feb 2019 02:42:09 GMT] "GET /favicon.ico HTTP/1.1" 304 - "http://localhost:3000/reg" "Mozilla/5.0 (Windows NT 10.0; WOW64) AppleWebKit/537.36 (KHTML, like Gecko) Chrome/68.0.3440.106 Safari/537.36"
::1 - - [Fri, 22 Feb 2019 02:43:03 GMT] "POST /reg HTTP/1.1" 302 52 "http://localhost:3000/reg" "Mozilla/5.0 (Windows NT 10.0; WOW64) AppleWebKit/537.36 (KHTML, like Gecko) Chrome/68.0.3440.106 Safari/537.36"
::1 - - [Fri, 22 Feb 2019 02:43:03 GMT] "GET /reg HTTP/1.1" 200 1107 "http://localhost:3000/reg" "Mozilla/5.0 (Windows NT 10.0; WOW64) AppleWebKit/537.36 (KHTML, like Gecko) Chrome/68.0.3440.106 Safari/537.36"
::1 - - [Fri, 22 Feb 2019 02:43:03 GMT] "GET /stylesheets/style.css HTTP/1.1" 304 - "http://localhost:3000/reg" "Mozilla/5.0 (Windows NT 10.0; WOW64) AppleWebKit/537.36 (KHTML, like Gecko) Chrome/68.0.3440.106 Safari/537.36"
::1 - - [Fri, 22 Feb 2019 02:43:03 GMT] "GET /favicon.ico HTTP/1.1" 304 - "http://localhost:3000/reg" "Mozilla/5.0 (Windows NT 10.0; WOW64) AppleWebKit/537.36 (KHTML, like Gecko) Chrome/68.0.3440.106 Safari/537.36"
::1 - - [Fri, 22 Feb 2019 02:43:24 GMT] "POST /reg HTTP/1.1" 302 52 "http://localhost:3000/reg" "Mozilla/5.0 (Windows NT 10.0; WOW64) AppleWebKit/537.36 (KHTML, like Gecko) Chrome/68.0.3440.106 Safari/537.36"
::1 - - [Fri, 22 Feb 2019 02:43:24 GMT] "GET /reg HTTP/1.1" 200 1107 "http://localhost:3000/reg" "Mozilla/5.0 (Windows NT 10.0; WOW64) AppleWebKit/537.36 (KHTML, like Gecko) Chrome/68.0.3440.106 Safari/537.36"
::1 - - [Fri, 22 Feb 2019 02:43:24 GMT] "GET /stylesheets/style.css HTTP/1.1" 304 - "http://localhost:3000/reg" "Mozilla/5.0 (Windows NT 10.0; WOW64) AppleWebKit/537.36 (KHTML, like Gecko) Chrome/68.0.3440.106 Safari/537.36"
::1 - - [Fri, 22 Feb 2019 02:43:24 GMT] "GET /favicon.ico HTTP/1.1" 304 - "http://localhost:3000/reg" "Mozilla/5.0 (Windows NT 10.0; WOW64) AppleWebKit/537.36 (KHTML, like Gecko) Chrome/68.0.3440.106 Safari/537.36"
::1 - - [Fri, 22 Feb 2019 02:46:11 GMT] "POST /reg HTTP/1.1" 302 52 "http://localhost:3000/reg" "Mozilla/5.0 (Windows NT 10.0; WOW64) AppleWebKit/537.36 (KHTML, like Gecko) Chrome/68.0.3440.106 Safari/537.36"
::1 - - [Fri, 22 Feb 2019 02:46:11 GMT] "GET /reg HTTP/1.1" 200 1107 "http://localhost:3000/reg" "Mozilla/5.0 (Windows NT 10.0; WOW64) AppleWebKit/537.36 (KHTML, like Gecko) Chrome/68.0.3440.106 Safari/537.36"
::1 - - [Fri, 22 Feb 2019 02:46:11 GMT] "GET /stylesheets/style.css HTTP/1.1" 304 - "http://localhost:3000/reg" "Mozilla/5.0 (Windows NT 10.0; WOW64) AppleWebKit/537.36 (KHTML, like Gecko) Chrome/68.0.3440.106 Safari/537.36"
::1 - - [Fri, 22 Feb 2019 02:46:11 GMT] "GET /favicon.ico HTTP/1.1" 200 216 "http://localhost:3000/reg" "Mozilla/5.0 (Windows NT 10.0; WOW64) AppleWebKit/537.36 (KHTML, like Gecko) Chrome/68.0.3440.106 Safari/537.36"
::1 - - [Fri, 22 Feb 2019 02:46:20 GMT] "POST /reg HTTP/1.1" 302 52 "http://localhost:3000/reg" "Mozilla/5.0 (Windows NT 10.0; WOW64) AppleWebKit/537.36 (KHTML, like Gecko) Chrome/68.0.3440.106 Safari/537.36"
::1 - - [Fri, 22 Feb 2019 02:46:20 GMT] "GET /reg HTTP/1.1" 200 1107 "http://localhost:3000/reg" "Mozilla/5.0 (Windows NT 10.0; WOW64) AppleWebKit/537.36 (KHTML, like Gecko) Chrome/68.0.3440.106 Safari/537.36"
::1 - - [Fri, 22 Feb 2019 02:46:20 GMT] "GET /stylesheets/style.css HTTP/1.1" 304 - "http://localhost:3000/reg" "Mozilla/5.0 (Windows NT 10.0; WOW64) AppleWebKit/537.36 (KHTML, like Gecko) Chrome/68.0.3440.106 Safari/537.36"
::1 - - [Fri, 22 Feb 2019 02:46:20 GMT] "GET /favicon.ico HTTP/1.1" 304 - "http://localhost:3000/reg" "Mozilla/5.0 (Windows NT 10.0; WOW64) AppleWebKit/537.36 (KHTML, like Gecko) Chrome/68.0.3440.106 Safari/537.36"
::1 - - [Fri, 22 Feb 2019 02:46:52 GMT] "POST /reg HTTP/1.1" 302 52 "http://localhost:3000/reg" "Mozilla/5.0 (Windows NT 10.0; WOW64) AppleWebKit/537.36 (KHTML, like Gecko) Chrome/68.0.3440.106 Safari/537.36"
::1 - - [Fri, 22 Feb 2019 02:46:52 GMT] "GET /reg HTTP/1.1" 200 1107 "http://localhost:3000/reg" "Mozilla/5.0 (Windows NT 10.0; WOW64) AppleWebKit/537.36 (KHTML, like Gecko) Chrome/68.0.3440.106 Safari/537.36"
::1 - - [Fri, 22 Feb 2019 02:46:52 GMT] "GET /stylesheets/style.css HTTP/1.1" 304 - "http://localhost:3000/reg" "Mozilla/5.0 (Windows NT 10.0; WOW64) AppleWebKit/537.36 (KHTML, like Gecko) Chrome/68.0.3440.106 Safari/537.36"
::1 - - [Fri, 22 Feb 2019 02:46:52 GMT] "GET /favicon.ico HTTP/1.1" 304 - "http://localhost:3000/reg" "Mozilla/5.0 (Windows NT 10.0; WOW64) AppleWebKit/537.36 (KHTML, like Gecko) Chrome/68.0.3440.106 Safari/537.36"
::1 - - [Fri, 22 Feb 2019 02:47:39 GMT] "POST /reg HTTP/1.1" 302 52 "http://localhost:3000/reg" "Mozilla/5.0 (Windows NT 10.0; WOW64) AppleWebKit/537.36 (KHTML, like Gecko) Chrome/68.0.3440.106 Safari/537.36"
::1 - - [Fri, 22 Feb 2019 02:47:39 GMT] "GET /reg HTTP/1.1" 200 1107 "http://localhost:3000/reg" "Mozilla/5.0 (Windows NT 10.0; WOW64) AppleWebKit/537.36 (KHTML, like Gecko) Chrome/68.0.3440.106 Safari/537.36"
::1 - - [Fri, 22 Feb 2019 02:47:39 GMT] "GET / HTTP/1.1" - - "-" "Mozilla/5.0 (Windows NT 10.0; WOW64) AppleWebKit/537.36 (KHTML, like Gecko) Chrome/68.0.3440.106 Safari/537.36"
::1 - - [Fri, 22 Feb 2019 02:47:39 GMT] "GET /reg HTTP/1.1" 200 1107 "http://localhost:3000/reg" "Mozilla/5.0 (Windows NT 10.0; WOW64) AppleWebKit/537.36 (KHTML, like Gecko) Chrome/68.0.3440.106 Safari/537.36"
::1 - - [Fri, 22 Feb 2019 02:47:39 GMT] "GET / HTTP/1.1" 500 956 "-" "Mozilla/5.0 (Windows NT 10.0; WOW64) AppleWebKit/537.36 (KHTML, like Gecko) Chrome/68.0.3440.106 Safari/537.36"
::1 - - [Fri, 22 Feb 2019 02:47:39 GMT] "GET /favicon.ico HTTP/1.1" 304 - "http://localhost:3000/" "Mozilla/5.0 (Windows NT 10.0; WOW64) AppleWebKit/537.36 (KHTML, like Gecko) Chrome/68.0.3440.106 Safari/537.36"
::1 - - [Fri, 22 Feb 2019 02:47:55 GMT] "GET / HTTP/1.1" 200 6205 "-" "Mozilla/5.0 (Windows NT 10.0; WOW64) AppleWebKit/537.36 (KHTML, like Gecko) Chrome/68.0.3440.106 Safari/537.36"
::1 - - [Fri, 22 Feb 2019 02:47:55 GMT] "GET /stylesheets/style.css HTTP/1.1" 304 - "http://localhost:3000/" "Mozilla/5.0 (Windows NT 10.0; WOW64) AppleWebKit/537.36 (KHTML, like Gecko) Chrome/68.0.3440.106 Safari/537.36"
::1 - - [Fri, 22 Feb 2019 02:47:56 GMT] "GET /favicon.ico HTTP/1.1" 200 216 "http://localhost:3000/" "Mozilla/5.0 (Windows NT 10.0; WOW64) AppleWebKit/537.36 (KHTML, like Gecko) Chrome/68.0.3440.106 Safari/537.36"
::1 - - [Fri, 22 Feb 2019 02:47:57 GMT] "GET /reg HTTP/1.1" 200 1107 "http://localhost:3000/" "Mozilla/5.0 (Windows NT 10.0; WOW64) AppleWebKit/537.36 (KHTML, like Gecko) Chrome/68.0.3440.106 Safari/537.36"
::1 - - [Fri, 22 Feb 2019 02:47:57 GMT] "GET /stylesheets/style.css HTTP/1.1" 304 - "http://localhost:3000/reg" "Mozilla/5.0 (Windows NT 10.0; WOW64) AppleWebKit/537.36 (KHTML, like Gecko) Chrome/68.0.3440.106 Safari/537.36"
::1 - - [Fri, 22 Feb 2019 02:47:57 GMT] "GET /favicon.ico HTTP/1.1" 304 - "http://localhost:3000/reg" "Mozilla/5.0 (Windows NT 10.0; WOW64) AppleWebKit/537.36 (KHTML, like Gecko) Chrome/68.0.3440.106 Safari/537.36"
::1 - - [Fri, 22 Feb 2019 02:48:07 GMT] "POST /reg HTTP/1.1" 302 52 "http://localhost:3000/reg" "Mozilla/5.0 (Windows NT 10.0; WOW64) AppleWebKit/537.36 (KHTML, like Gecko) Chrome/68.0.3440.106 Safari/537.36"
::1 - - [Fri, 22 Feb 2019 02:48:07 GMT] "GET /reg HTTP/1.1" 200 1107 "http://localhost:3000/reg" "Mozilla/5.0 (Windows NT 10.0; WOW64) AppleWebKit/537.36 (KHTML, like Gecko) Chrome/68.0.3440.106 Safari/537.36"
::1 - - [Fri, 22 Feb 2019 02:48:07 GMT] "GET /stylesheets/style.css HTTP/1.1" 304 - "http://localhost:3000/reg" "Mozilla/5.0 (Windows NT 10.0; WOW64) AppleWebKit/537.36 (KHTML, like Gecko) Chrome/68.0.3440.106 Safari/537.36"
::1 - - [Fri, 22 Feb 2019 02:48:07 GMT] "GET /favicon.ico HTTP/1.1" 304 - "http://localhost:3000/reg" "Mozilla/5.0 (Windows NT 10.0; WOW64) AppleWebKit/537.36 (KHTML, like Gecko) Chrome/68.0.3440.106 Safari/537.36"
::1 - - [Fri, 22 Feb 2019 02:49:07 GMT] "POST /reg HTTP/1.1" 302 46 "http://localhost:3000/reg" "Mozilla/5.0 (Windows NT 10.0; WOW64) AppleWebKit/537.36 (KHTML, like Gecko) Chrome/68.0.3440.106 Safari/537.36"
::1 - - [Fri, 22 Feb 2019 02:49:07 GMT] "GET / HTTP/1.1" 304 - "http://localhost:3000/reg" "Mozilla/5.0 (Windows NT 10.0; WOW64) AppleWebKit/537.36 (KHTML, like Gecko) Chrome/68.0.3440.106 Safari/537.36"
::1 - - [Fri, 22 Feb 2019 02:49:07 GMT] "GET /stylesheets/style.css HTTP/1.1" 304 - "http://localhost:3000/" "Mozilla/5.0 (Windows NT 10.0; WOW64) AppleWebKit/537.36 (KHTML, like Gecko) Chrome/68.0.3440.106 Safari/537.36"
::1 - - [Fri, 22 Feb 2019 02:49:07 GMT] "GET /favicon.ico HTTP/1.1" 304 - "http://localhost:3000/" "Mozilla/5.0 (Windows NT 10.0; WOW64) AppleWebKit/537.36 (KHTML, like Gecko) Chrome/68.0.3440.106 Safari/537.36"
::1 - - [Fri, 22 Feb 2019 02:58:11 GMT] "GET /login HTTP/1.1" 200 974 "http://localhost:3000/" "Mozilla/5.0 (Windows NT 10.0; WOW64) AppleWebKit/537.36 (KHTML, like Gecko) Chrome/68.0.3440.106 Safari/537.36"
::1 - - [Fri, 22 Feb 2019 02:58:11 GMT] "GET /stylesheets/style.css HTTP/1.1" 304 - "http://localhost:3000/login" "Mozilla/5.0 (Windows NT 10.0; WOW64) AppleWebKit/537.36 (KHTML, like Gecko) Chrome/68.0.3440.106 Safari/537.36"
::1 - - [Fri, 22 Feb 2019 02:58:11 GMT] "GET /favicon.ico HTTP/1.1" 304 - "http://localhost:3000/login" "Mozilla/5.0 (Windows NT 10.0; WOW64) AppleWebKit/537.36 (KHTML, like Gecko) Chrome/68.0.3440.106 Safari/537.36"
::1 - - [Fri, 22 Feb 2019 02:58:11 GMT] "GET /reg HTTP/1.1" 200 1107 "http://localhost:3000/login" "Mozilla/5.0 (Windows NT 10.0; WOW64) AppleWebKit/537.36 (KHTML, like Gecko) Chrome/68.0.3440.106 Safari/537.36"
::1 - - [Fri, 22 Feb 2019 02:58:11 GMT] "GET /stylesheets/style.css HTTP/1.1" 304 - "http://localhost:3000/reg" "Mozilla/5.0 (Windows NT 10.0; WOW64) AppleWebKit/537.36 (KHTML, like Gecko) Chrome/68.0.3440.106 Safari/537.36"
::1 - - [Fri, 22 Feb 2019 02:58:11 GMT] "GET /favicon.ico HTTP/1.1" 304 - "http://localhost:3000/reg" "Mozilla/5.0 (Windows NT 10.0; WOW64) AppleWebKit/537.36 (KHTML, like Gecko) Chrome/68.0.3440.106 Safari/537.36"
::1 - - [Fri, 22 Feb 2019 02:58:12 GMT] "GET /login HTTP/1.1" 304 - "http://localhost:3000/reg" "Mozilla/5.0 (Windows NT 10.0; WOW64) AppleWebKit/537.36 (KHTML, like Gecko) Chrome/68.0.3440.106 Safari/537.36"
::1 - - [Fri, 22 Feb 2019 02:58:12 GMT] "GET /stylesheets/style.css HTTP/1.1" 304 - "http://localhost:3000/login" "Mozilla/5.0 (Windows NT 10.0; WOW64) AppleWebKit/537.36 (KHTML, like Gecko) Chrome/68.0.3440.106 Safari/537.36"
::1 - - [Fri, 22 Feb 2019 02:58:12 GMT] "GET /favicon.ico HTTP/1.1" 304 - "http://localhost:3000/login" "Mozilla/5.0 (Windows NT 10.0; WOW64) AppleWebKit/537.36 (KHTML, like Gecko) Chrome/68.0.3440.106 Safari/537.36"
::1 - - [Fri, 22 Feb 2019 02:58:12 GMT] "GET /archive HTTP/1.1" 200 2789 "http://localhost:3000/login" "Mozilla/5.0 (Windows NT 10.0; WOW64) AppleWebKit/537.36 (KHTML, like Gecko) Chrome/68.0.3440.106 Safari/537.36"
::1 - - [Fri, 22 Feb 2019 02:58:12 GMT] "GET /stylesheets/style.css HTTP/1.1" 304 - "http://localhost:3000/archive" "Mozilla/5.0 (Windows NT 10.0; WOW64) AppleWebKit/537.36 (KHTML, like Gecko) Chrome/68.0.3440.106 Safari/537.36"
::1 - - [Fri, 22 Feb 2019 02:58:13 GMT] "GET /favicon.ico HTTP/1.1" 304 - "http://localhost:3000/archive" "Mozilla/5.0 (Windows NT 10.0; WOW64) AppleWebKit/537.36 (KHTML, like Gecko) Chrome/68.0.3440.106 Safari/537.36"
::1 - - [Fri, 22 Feb 2019 03:27:39 GMT] "GET / HTTP/1.1" 304 - "-" "Mozilla/5.0 (Windows NT 10.0; WOW64) AppleWebKit/537.36 (KHTML, like Gecko) Chrome/68.0.3440.106 Safari/537.36"
::1 - - [Fri, 22 Feb 2019 03:27:39 GMT] "GET /stylesheets/style.css HTTP/1.1" 304 - "http://localhost:3000/" "Mozilla/5.0 (Windows NT 10.0; WOW64) AppleWebKit/537.36 (KHTML, like Gecko) Chrome/68.0.3440.106 Safari/537.36"
::1 - - [Fri, 22 Feb 2019 03:27:41 GMT] "GET /favicon.ico HTTP/1.1" 304 - "http://localhost:3000/" "Mozilla/5.0 (Windows NT 10.0; WOW64) AppleWebKit/537.36 (KHTML, like Gecko) Chrome/68.0.3440.106 Safari/537.36"
::1 - - [Fri, 22 Feb 2019 03:27:42 GMT] "GET /p/5c6a6702261a260c7cdc6e42 HTTP/1.1" 200 1278 "http://localhost:3000/" "Mozilla/5.0 (Windows NT 10.0; WOW64) AppleWebKit/537.36 (KHTML, like Gecko) Chrome/68.0.3440.106 Safari/537.36"
::1 - - [Fri, 22 Feb 2019 03:27:42 GMT] "GET /stylesheets/style.css HTTP/1.1" 304 - "http://localhost:3000/p/5c6a6702261a260c7cdc6e42" "Mozilla/5.0 (Windows NT 10.0; WOW64) AppleWebKit/537.36 (KHTML, like Gecko) Chrome/68.0.3440.106 Safari/537.36"
::1 - - [Fri, 22 Feb 2019 03:27:43 GMT] "GET /favicon.ico HTTP/1.1" 304 - "http://localhost:3000/p/5c6a6702261a260c7cdc6e42" "Mozilla/5.0 (Windows NT 10.0; WOW64) AppleWebKit/537.36 (KHTML, like Gecko) Chrome/68.0.3440.106 Safari/537.36"
::1 - - [Fri, 22 Feb 2019 03:27:52 GMT] "GET /p/5c6a6702261a260c7cdc6e42 HTTP/1.1" 200 1906 "http://localhost:3000/" "Mozilla/5.0 (Windows NT 10.0; WOW64) AppleWebKit/537.36 (KHTML, like Gecko) Chrome/68.0.3440.106 Safari/537.36"
::1 - - [Fri, 22 Feb 2019 03:27:52 GMT] "GET /stylesheets/style.css HTTP/1.1" 304 - "http://localhost:3000/p/5c6a6702261a260c7cdc6e42" "Mozilla/5.0 (Windows NT 10.0; WOW64) AppleWebKit/537.36 (KHTML, like Gecko) Chrome/68.0.3440.106 Safari/537.36"
::1 - - [Fri, 22 Feb 2019 03:27:53 GMT] "GET /favicon.ico HTTP/1.1" 200 216 "http://localhost:3000/p/5c6a6702261a260c7cdc6e42" "Mozilla/5.0 (Windows NT 10.0; WOW64) AppleWebKit/537.36 (KHTML, like Gecko) Chrome/68.0.3440.106 Safari/537.36"
::1 - - [Fri, 22 Feb 2019 03:30:08 GMT] "GET /p/5c6a6702261a260c7cdc6e42 HTTP/1.1" 200 1906 "http://localhost:3000/" "Mozilla/5.0 (Windows NT 10.0; WOW64) AppleWebKit/537.36 (KHTML, like Gecko) Chrome/68.0.3440.106 Safari/537.36"
::1 - - [Fri, 22 Feb 2019 03:30:08 GMT] "GET /stylesheets/style.css HTTP/1.1" 304 - "http://localhost:3000/p/5c6a6702261a260c7cdc6e42" "Mozilla/5.0 (Windows NT 10.0; WOW64) AppleWebKit/537.36 (KHTML, like Gecko) Chrome/68.0.3440.106 Safari/537.36"
::1 - - [Fri, 22 Feb 2019 03:30:10 GMT] "GET /favicon.ico HTTP/1.1" 200 216 "http://localhost:3000/p/5c6a6702261a260c7cdc6e42" "Mozilla/5.0 (Windows NT 10.0; WOW64) AppleWebKit/537.36 (KHTML, like Gecko) Chrome/68.0.3440.106 Safari/537.36"
::1 - - [Fri, 22 Feb 2019 03:37:09 GMT] "GET /p/5c6a6702261a260c7cdc6e42 HTTP/1.1" 200 1906 "http://localhost:3000/" "Mozilla/5.0 (Windows NT 10.0; WOW64) AppleWebKit/537.36 (KHTML, like Gecko) Chrome/68.0.3440.106 Safari/537.36"
::1 - - [Fri, 22 Feb 2019 03:37:09 GMT] "GET /stylesheets/style.css HTTP/1.1" 304 - "http://localhost:3000/p/5c6a6702261a260c7cdc6e42" "Mozilla/5.0 (Windows NT 10.0; WOW64) AppleWebKit/537.36 (KHTML, like Gecko) Chrome/68.0.3440.106 Safari/537.36"
::1 - - [Fri, 22 Feb 2019 03:37:27 GMT] "GET /favicon.ico HTTP/1.1" 200 216 "http://localhost:3000/p/5c6a6702261a260c7cdc6e42" "Mozilla/5.0 (Windows NT 10.0; WOW64) AppleWebKit/537.36 (KHTML, like Gecko) Chrome/68.0.3440.106 Safari/537.36"
::1 - - [Fri, 22 Feb 2019 03:38:02 GMT] "GET /p/5c6a6702261a260c7cdc6e42 HTTP/1.1" 500 894 "http://localhost:3000/" "Mozilla/5.0 (Windows NT 10.0; WOW64) AppleWebKit/537.36 (KHTML, like Gecko) Chrome/68.0.3440.106 Safari/537.36"
::1 - - [Fri, 22 Feb 2019 03:38:02 GMT] "GET /favicon.ico HTTP/1.1" 200 216 "http://localhost:3000/p/5c6a6702261a260c7cdc6e42" "Mozilla/5.0 (Windows NT 10.0; WOW64) AppleWebKit/537.36 (KHTML, like Gecko) Chrome/68.0.3440.106 Safari/537.36"
::1 - - [Fri, 22 Feb 2019 03:38:03 GMT] "GET /p/5c6a6702261a260c7cdc6e42 HTTP/1.1" 500 894 "http://localhost:3000/" "Mozilla/5.0 (Windows NT 10.0; WOW64) AppleWebKit/537.36 (KHTML, like Gecko) Chrome/68.0.3440.106 Safari/537.36"
::1 - - [Fri, 22 Feb 2019 03:38:03 GMT] "GET /favicon.ico HTTP/1.1" 200 216 "http://localhost:3000/p/5c6a6702261a260c7cdc6e42" "Mozilla/5.0 (Windows NT 10.0; WOW64) AppleWebKit/537.36 (KHTML, like Gecko) Chrome/68.0.3440.106 Safari/537.36"
::1 - - [Fri, 22 Feb 2019 03:38:12 GMT] "GET /p/5c6a6702261a260c7cdc6e42 HTTP/1.1" 200 1279 "http://localhost:3000/" "Mozilla/5.0 (Windows NT 10.0; WOW64) AppleWebKit/537.36 (KHTML, like Gecko) Chrome/68.0.3440.106 Safari/537.36"
::1 - - [Fri, 22 Feb 2019 03:38:12 GMT] "GET /stylesheets/style.css HTTP/1.1" 304 - "http://localhost:3000/p/5c6a6702261a260c7cdc6e42" "Mozilla/5.0 (Windows NT 10.0; WOW64) AppleWebKit/537.36 (KHTML, like Gecko) Chrome/68.0.3440.106 Safari/537.36"
::1 - - [Fri, 22 Feb 2019 03:38:12 GMT] "GET /favicon.ico HTTP/1.1" 200 216 "http://localhost:3000/p/5c6a6702261a260c7cdc6e42" "Mozilla/5.0 (Windows NT 10.0; WOW64) AppleWebKit/537.36 (KHTML, like Gecko) Chrome/68.0.3440.106 Safari/537.36"
::1 - - [Fri, 22 Feb 2019 03:38:22 GMT] "GET /p/5c6a6702261a260c7cdc6e42ssss HTTP/1.1" 302 46 "-" "Mozilla/5.0 (Windows NT 10.0; WOW64) AppleWebKit/537.36 (KHTML, like Gecko) Chrome/68.0.3440.106 Safari/537.36"
::1 - - [Fri, 22 Feb 2019 03:38:22 GMT] "GET / HTTP/1.1" 200 6206 "-" "Mozilla/5.0 (Windows NT 10.0; WOW64) AppleWebKit/537.36 (KHTML, like Gecko) Chrome/68.0.3440.106 Safari/537.36"
::1 - - [Fri, 22 Feb 2019 03:38:22 GMT] "GET /stylesheets/style.css HTTP/1.1" 304 - "http://localhost:3000/" "Mozilla/5.0 (Windows NT 10.0; WOW64) AppleWebKit/537.36 (KHTML, like Gecko) Chrome/68.0.3440.106 Safari/537.36"
::1 - - [Fri, 22 Feb 2019 03:38:22 GMT] "GET /favicon.ico HTTP/1.1" 304 - "http://localhost:3000/" "Mozilla/5.0 (Windows NT 10.0; WOW64) AppleWebKit/537.36 (KHTML, like Gecko) Chrome/68.0.3440.106 Safari/537.36"
::1 - - [Fri, 22 Feb 2019 03:38:27 GMT] "GET /sss HTTP/1.1" 200 216 "-" "Mozilla/5.0 (Windows NT 10.0; WOW64) AppleWebKit/537.36 (KHTML, like Gecko) Chrome/68.0.3440.106 Safari/537.36"
::1 - - [Fri, 22 Feb 2019 03:38:28 GMT] "GET /favicon.ico HTTP/1.1" 304 - "http://localhost:3000/sss" "Mozilla/5.0 (Windows NT 10.0; WOW64) AppleWebKit/537.36 (KHTML, like Gecko) Chrome/68.0.3440.106 Safari/537.36"
::1 - - [Fri, 22 Feb 2019 03:39:02 GMT] "GET /sss HTTP/1.1" 304 - "-" "Mozilla/5.0 (Windows NT 10.0; WOW64) AppleWebKit/537.36 (KHTML, like Gecko) Chrome/68.0.3440.106 Safari/537.36"
::1 - - [Fri, 22 Feb 2019 03:39:02 GMT] "GET /favicon.ico HTTP/1.1" 200 216 "http://localhost:3000/sss" "Mozilla/5.0 (Windows NT 10.0; WOW64) AppleWebKit/537.36 (KHTML, like Gecko) Chrome/68.0.3440.106 Safari/537.36"
::1 - - [Fri, 22 Feb 2019 03:39:15 GMT] "GET /sss HTTP/1.1" 304 - "-" "Mozilla/5.0 (Windows NT 10.0; WOW64) AppleWebKit/537.36 (KHTML, like Gecko) Chrome/68.0.3440.106 Safari/537.36"
::1 - - [Fri, 22 Feb 2019 03:39:15 GMT] "GET /favicon.ico HTTP/1.1" 200 216 "http://localhost:3000/sss" "Mozilla/5.0 (Windows NT 10.0; WOW64) AppleWebKit/537.36 (KHTML, like Gecko) Chrome/68.0.3440.106 Safari/537.36"
::1 - - [Fri, 22 Feb 2019 03:39:19 GMT] "GET /404 HTTP/1.1" 200 216 "-" "Mozilla/5.0 (Windows NT 10.0; WOW64) AppleWebKit/537.36 (KHTML, like Gecko) Chrome/68.0.3440.106 Safari/537.36"
::1 - - [Fri, 22 Feb 2019 03:39:19 GMT] "GET /favicon.ico HTTP/1.1" 304 - "http://localhost:3000/404" "Mozilla/5.0 (Windows NT 10.0; WOW64) AppleWebKit/537.36 (KHTML, like Gecko) Chrome/68.0.3440.106 Safari/537.36"
::1 - - [Fri, 22 Feb 2019 03:39:22 GMT] "GET / HTTP/1.1" 304 - "-" "Mozilla/5.0 (Windows NT 10.0; WOW64) AppleWebKit/537.36 (KHTML, like Gecko) Chrome/68.0.3440.106 Safari/537.36"
::1 - - [Fri, 22 Feb 2019 03:39:22 GMT] "GET /stylesheets/style.css HTTP/1.1" 304 - "http://localhost:3000/" "Mozilla/5.0 (Windows NT 10.0; WOW64) AppleWebKit/537.36 (KHTML, like Gecko) Chrome/68.0.3440.106 Safari/537.36"
::1 - - [Fri, 22 Feb 2019 03:39:22 GMT] "GET /favicon.ico HTTP/1.1" 304 - "http://localhost:3000/" "Mozilla/5.0 (Windows NT 10.0; WOW64) AppleWebKit/537.36 (KHTML, like Gecko) Chrome/68.0.3440.106 Safari/537.36"
::1 - - [Fri, 22 Feb 2019 03:39:23 GMT] "GET /p/5c6a6702261a260c7cdc6e42 HTTP/1.1" 200 1279 "http://localhost:3000/" "Mozilla/5.0 (Windows NT 10.0; WOW64) AppleWebKit/537.36 (KHTML, like Gecko) Chrome/68.0.3440.106 Safari/537.36"
::1 - - [Fri, 22 Feb 2019 03:39:23 GMT] "GET /stylesheets/style.css HTTP/1.1" 304 - "http://localhost:3000/p/5c6a6702261a260c7cdc6e42" "Mozilla/5.0 (Windows NT 10.0; WOW64) AppleWebKit/537.36 (KHTML, like Gecko) Chrome/68.0.3440.106 Safari/537.36"
::1 - - [Fri, 22 Feb 2019 03:39:23 GMT] "GET /favicon.ico HTTP/1.1" 304 - "http://localhost:3000/p/5c6a6702261a260c7cdc6e42" "Mozilla/5.0 (Windows NT 10.0; WOW64) AppleWebKit/537.36 (KHTML, like Gecko) Chrome/68.0.3440.106 Safari/537.36"
::1 - - [Fri, 22 Feb 2019 03:39:31 GMT] "GET /p/adadf HTTP/1.1" 302 46 "-" "Mozilla/5.0 (Windows NT 10.0; WOW64) AppleWebKit/537.36 (KHTML, like Gecko) Chrome/68.0.3440.106 Safari/537.36"
::1 - - [Fri, 22 Feb 2019 03:39:31 GMT] "GET / HTTP/1.1" 200 6206 "-" "Mozilla/5.0 (Windows NT 10.0; WOW64) AppleWebKit/537.36 (KHTML, like Gecko) Chrome/68.0.3440.106 Safari/537.36"
::1 - - [Fri, 22 Feb 2019 03:39:31 GMT] "GET /stylesheets/style.css HTTP/1.1" 304 - "http://localhost:3000/" "Mozilla/5.0 (Windows NT 10.0; WOW64) AppleWebKit/537.36 (KHTML, like Gecko) Chrome/68.0.3440.106 Safari/537.36"
::1 - - [Fri, 22 Feb 2019 03:39:31 GMT] "GET /favicon.ico HTTP/1.1" 304 - "http://localhost:3000/" "Mozilla/5.0 (Windows NT 10.0; WOW64) AppleWebKit/537.36 (KHTML, like Gecko) Chrome/68.0.3440.106 Safari/537.36"
::1 - - [Fri, 22 Feb 2019 03:39:32 GMT] "GET /archive HTTP/1.1" 304 - "http://localhost:3000/" "Mozilla/5.0 (Windows NT 10.0; WOW64) AppleWebKit/537.36 (KHTML, like Gecko) Chrome/68.0.3440.106 Safari/537.36"
::1 - - [Fri, 22 Feb 2019 03:39:32 GMT] "GET /stylesheets/style.css HTTP/1.1" 304 - "http://localhost:3000/archive" "Mozilla/5.0 (Windows NT 10.0; WOW64) AppleWebKit/537.36 (KHTML, like Gecko) Chrome/68.0.3440.106 Safari/537.36"
::1 - - [Fri, 22 Feb 2019 03:39:32 GMT] "GET /favicon.ico HTTP/1.1" 304 - "http://localhost:3000/archive" "Mozilla/5.0 (Windows NT 10.0; WOW64) AppleWebKit/537.36 (KHTML, like Gecko) Chrome/68.0.3440.106 Safari/537.36"
::1 - - [Fri, 22 Feb 2019 03:39:33 GMT] "GET /login HTTP/1.1" 304 - "http://localhost:3000/archive" "Mozilla/5.0 (Windows NT 10.0; WOW64) AppleWebKit/537.36 (KHTML, like Gecko) Chrome/68.0.3440.106 Safari/537.36"
::1 - - [Fri, 22 Feb 2019 03:39:33 GMT] "GET /stylesheets/style.css HTTP/1.1" 304 - "http://localhost:3000/login" "Mozilla/5.0 (Windows NT 10.0; WOW64) AppleWebKit/537.36 (KHTML, like Gecko) Chrome/68.0.3440.106 Safari/537.36"
::1 - - [Fri, 22 Feb 2019 03:39:33 GMT] "GET /favicon.ico HTTP/1.1" 304 - "http://localhost:3000/login" "Mozilla/5.0 (Windows NT 10.0; WOW64) AppleWebKit/537.36 (KHTML, like Gecko) Chrome/68.0.3440.106 Safari/537.36"
::1 - - [Fri, 22 Feb 2019 03:39:37 GMT] "GET /ggg HTTP/1.1" 200 216 "-" "Mozilla/5.0 (Windows NT 10.0; WOW64) AppleWebKit/537.36 (KHTML, like Gecko) Chrome/68.0.3440.106 Safari/537.36"
::1 - - [Fri, 22 Feb 2019 03:39:37 GMT] "GET /favicon.ico HTTP/1.1" 304 - "http://localhost:3000/ggg" "Mozilla/5.0 (Windows NT 10.0; WOW64) AppleWebKit/537.36 (KHTML, like Gecko) Chrome/68.0.3440.106 Safari/537.36"
::1 - - [Fri, 22 Feb 2019 03:40:52 GMT] "GET /ggg HTTP/1.1" 304 - "-" "Mozilla/5.0 (Windows NT 10.0; WOW64) AppleWebKit/537.36 (KHTML, like Gecko) Chrome/68.0.3440.106 Safari/537.36"
::1 - - [Fri, 22 Feb 2019 03:40:52 GMT] "GET /favicon.ico HTTP/1.1" 200 216 "http://localhost:3000/ggg" "Mozilla/5.0 (Windows NT 10.0; WOW64) AppleWebKit/537.36 (KHTML, like Gecko) Chrome/68.0.3440.106 Safari/537.36"
::1 - - [Fri, 22 Feb 2019 03:40:53 GMT] "GET /ggg HTTP/1.1" 304 - "-" "Mozilla/5.0 (Windows NT 10.0; WOW64) AppleWebKit/537.36 (KHTML, like Gecko) Chrome/68.0.3440.106 Safari/537.36"
::1 - - [Fri, 22 Feb 2019 03:40:53 GMT] "GET /favicon.ico HTTP/1.1" 200 216 "http://localhost:3000/ggg" "Mozilla/5.0 (Windows NT 10.0; WOW64) AppleWebKit/537.36 (KHTML, like Gecko) Chrome/68.0.3440.106 Safari/537.36"
::1 - - [Fri, 22 Feb 2019 03:40:53 GMT] "GET /ggg HTTP/1.1" 304 - "-" "Mozilla/5.0 (Windows NT 10.0; WOW64) AppleWebKit/537.36 (KHTML, like Gecko) Chrome/68.0.3440.106 Safari/537.36"
::1 - - [Fri, 22 Feb 2019 03:40:53 GMT] "GET /favicon.ico HTTP/1.1" 200 216 "http://localhost:3000/ggg" "Mozilla/5.0 (Windows NT 10.0; WOW64) AppleWebKit/537.36 (KHTML, like Gecko) Chrome/68.0.3440.106 Safari/537.36"
::1 - - [Fri, 22 Feb 2019 03:40:53 GMT] "GET /ggg HTTP/1.1" 304 - "-" "Mozilla/5.0 (Windows NT 10.0; WOW64) AppleWebKit/537.36 (KHTML, like Gecko) Chrome/68.0.3440.106 Safari/537.36"
::1 - - [Fri, 22 Feb 2019 03:40:53 GMT] "GET /favicon.ico HTTP/1.1" 200 216 "http://localhost:3000/ggg" "Mozilla/5.0 (Windows NT 10.0; WOW64) AppleWebKit/537.36 (KHTML, like Gecko) Chrome/68.0.3440.106 Safari/537.36"
::1 - - [Fri, 22 Feb 2019 03:40:53 GMT] "GET /ggg HTTP/1.1" 304 - "-" "Mozilla/5.0 (Windows NT 10.0; WOW64) AppleWebKit/537.36 (KHTML, like Gecko) Chrome/68.0.3440.106 Safari/537.36"
::1 - - [Fri, 22 Feb 2019 03:40:53 GMT] "GET /favicon.ico HTTP/1.1" 200 216 "http://localhost:3000/ggg" "Mozilla/5.0 (Windows NT 10.0; WOW64) AppleWebKit/537.36 (KHTML, like Gecko) Chrome/68.0.3440.106 Safari/537.36"
::1 - - [Fri, 22 Feb 2019 03:41:10 GMT] "GET /ggg/adsfas HTTP/1.1" 200 216 "-" "Mozilla/5.0 (Windows NT 10.0; WOW64) AppleWebKit/537.36 (KHTML, like Gecko) Chrome/68.0.3440.106 Safari/537.36"
::1 - - [Fri, 22 Feb 2019 03:41:10 GMT] "GET /favicon.ico HTTP/1.1" 304 - "http://localhost:3000/ggg/adsfas" "Mozilla/5.0 (Windows NT 10.0; WOW64) AppleWebKit/537.36 (KHTML, like Gecko) Chrome/68.0.3440.106 Safari/537.36"
::1 - - [Fri, 22 Feb 2019 07:15:18 GMT] "GET / HTTP/1.1" - - "-" "Mozilla/5.0 (Windows NT 10.0; WOW64) AppleWebKit/537.36 (KHTML, like Gecko) Chrome/68.0.3440.106 Safari/537.36"
::1 - - [Fri, 22 Feb 2019 07:15:20 GMT] "GET / HTTP/1.1" - - "-" "Mozilla/5.0 (Windows NT 10.0; WOW64) AppleWebKit/537.36 (KHTML, like Gecko) Chrome/68.0.3440.106 Safari/537.36"
::1 - - [Fri, 22 Feb 2019 07:17:21 GMT] "GET / HTTP/1.1" - - "-" "Mozilla/5.0 (Windows NT 10.0; WOW64) AppleWebKit/537.36 (KHTML, like Gecko) Chrome/68.0.3440.106 Safari/537.36"
::1 - - [Fri, 22 Feb 2019 07:40:47 GMT] "GET / HTTP/1.1" - - "-" "Mozilla/5.0 (Windows NT 10.0; WOW64) AppleWebKit/537.36 (KHTML, like Gecko) Chrome/68.0.3440.106 Safari/537.36"
::1 - - [Fri, 22 Feb 2019 07:42:47 GMT] "GET / HTTP/1.1" - - "-" "Mozilla/5.0 (Windows NT 10.0; WOW64) AppleWebKit/537.36 (KHTML, like Gecko) Chrome/68.0.3440.106 Safari/537.36"
::1 - - [Fri, 22 Feb 2019 08:17:08 GMT] "GET / HTTP/1.1" - - "-" "Mozilla/5.0 (Windows NT 10.0; WOW64) AppleWebKit/537.36 (KHTML, like Gecko) Chrome/68.0.3440.106 Safari/537.36"
::1 - - [Fri, 22 Feb 2019 08:29:39 GMT] "GET / HTTP/1.1" 500 960 "-" "Mozilla/5.0 (Windows NT 10.0; WOW64) AppleWebKit/537.36 (KHTML, like Gecko) Chrome/68.0.3440.106 Safari/537.36"
::1 - - [Fri, 22 Feb 2019 08:29:40 GMT] "GET /favicon.ico HTTP/1.1" 200 216 "http://localhost:3000/" "Mozilla/5.0 (Windows NT 10.0; WOW64) AppleWebKit/537.36 (KHTML, like Gecko) Chrome/68.0.3440.106 Safari/537.36"
::1 - - [Fri, 22 Feb 2019 08:49:08 GMT] "GET / HTTP/1.1" - - "-" "Mozilla/5.0 (Windows NT 10.0; WOW64) AppleWebKit/537.36 (KHTML, like Gecko) Chrome/68.0.3440.106 Safari/537.36"
::1 - - [Fri, 22 Feb 2019 08:49:10 GMT] "GET / HTTP/1.1" - - "-" "Mozilla/5.0 (Windows NT 10.0; WOW64) AppleWebKit/537.36 (KHTML, like Gecko) Chrome/68.0.3440.106 Safari/537.36"
::1 - - [Fri, 22 Feb 2019 08:49:11 GMT] "GET / HTTP/1.1" - - "-" "Mozilla/5.0 (Windows NT 10.0; WOW64) AppleWebKit/537.36 (KHTML, like Gecko) Chrome/68.0.3440.106 Safari/537.36"
::1 - - [Fri, 22 Feb 2019 08:50:33 GMT] "GET / HTTP/1.1" - - "-" "Mozilla/5.0 (Windows NT 10.0; WOW64) AppleWebKit/537.36 (KHTML, like Gecko) Chrome/68.0.3440.106 Safari/537.36"
::ffff:127.0.0.1 - - [Fri, 22 Feb 2019 08:50:34 GMT] "GET / HTTP/1.1" - - "-" "Mozilla/5.0 (Windows NT 10.0; WOW64) AppleWebKit/537.36 (KHTML, like Gecko) Chrome/68.0.3440.106 Safari/537.36"
::1 - - [Fri, 22 Feb 2019 08:50:36 GMT] "GET / HTTP/1.1" - - "-" "Mozilla/5.0 (Windows NT 10.0; WOW64) AppleWebKit/537.36 (KHTML, like Gecko) Chrome/68.0.3440.106 Safari/537.36"
::1 - - [Fri, 22 Feb 2019 08:50:37 GMT] "GET / HTTP/1.1" - - "-" "Mozilla/5.0 (Windows NT 10.0; WOW64) AppleWebKit/537.36 (KHTML, like Gecko) Chrome/68.0.3440.106 Safari/537.36"
::1 - - [Fri, 22 Feb 2019 08:51:10 GMT] "GET /reg HTTP/1.1" 200 1107 "-" "Mozilla/5.0 (Windows NT 10.0; WOW64) AppleWebKit/537.36 (KHTML, like Gecko) Chrome/68.0.3440.106 Safari/537.36"
::1 - - [Fri, 22 Feb 2019 08:51:10 GMT] "GET /stylesheets/style.css HTTP/1.1" 200 1800 "http://localhost:3000/reg" "Mozilla/5.0 (Windows NT 10.0; WOW64) AppleWebKit/537.36 (KHTML, like Gecko) Chrome/68.0.3440.106 Safari/537.36"
::1 - - [Fri, 22 Feb 2019 08:51:10 GMT] "GET /favicon.ico HTTP/1.1" 304 - "http://localhost:3000/reg" "Mozilla/5.0 (Windows NT 10.0; WOW64) AppleWebKit/537.36 (KHTML, like Gecko) Chrome/68.0.3440.106 Safari/537.36"
::1 - - [Fri, 22 Feb 2019 08:51:14 GMT] "GET / HTTP/1.1" - - "http://localhost:3000/reg" "Mozilla/5.0 (Windows NT 10.0; WOW64) AppleWebKit/537.36 (KHTML, like Gecko) Chrome/68.0.3440.106 Safari/537.36"
::1 - - [Fri, 22 Feb 2019 08:51:14 GMT] "GET /archive HTTP/1.1" - - "http://localhost:3000/reg" "Mozilla/5.0 (Windows NT 10.0; WOW64) AppleWebKit/537.36 (KHTML, like Gecko) Chrome/68.0.3440.106 Safari/537.36"
::1 - - [Fri, 22 Feb 2019 08:51:14 GMT] "GET /login HTTP/1.1" 200 974 "http://localhost:3000/reg" "Mozilla/5.0 (Windows NT 10.0; WOW64) AppleWebKit/537.36 (KHTML, like Gecko) Chrome/68.0.3440.106 Safari/537.36"
::1 - - [Fri, 22 Feb 2019 08:51:14 GMT] "GET /stylesheets/style.css HTTP/1.1" 304 - "http://localhost:3000/login" "Mozilla/5.0 (Windows NT 10.0; WOW64) AppleWebKit/537.36 (KHTML, like Gecko) Chrome/68.0.3440.106 Safari/537.36"
::1 - - [Fri, 22 Feb 2019 08:51:15 GMT] "GET /favicon.ico HTTP/1.1" 304 - "http://localhost:3000/login" "Mozilla/5.0 (Windows NT 10.0; WOW64) AppleWebKit/537.36 (KHTML, like Gecko) Chrome/68.0.3440.106 Safari/537.36"
::1 - - [Fri, 22 Feb 2019 08:51:15 GMT] "GET /login HTTP/1.1" 304 - "http://localhost:3000/login" "Mozilla/5.0 (Windows NT 10.0; WOW64) AppleWebKit/537.36 (KHTML, like Gecko) Chrome/68.0.3440.106 Safari/537.36"
::1 - - [Fri, 22 Feb 2019 08:51:15 GMT] "GET /stylesheets/style.css HTTP/1.1" 304 - "http://localhost:3000/login" "Mozilla/5.0 (Windows NT 10.0; WOW64) AppleWebKit/537.36 (KHTML, like Gecko) Chrome/68.0.3440.106 Safari/537.36"
::1 - - [Fri, 22 Feb 2019 08:51:15 GMT] "GET /favicon.ico HTTP/1.1" 304 - "http://localhost:3000/login" "Mozilla/5.0 (Windows NT 10.0; WOW64) AppleWebKit/537.36 (KHTML, like Gecko) Chrome/68.0.3440.106 Safari/537.36"
::1 - - [Fri, 22 Feb 2019 08:51:16 GMT] "GET /reg HTTP/1.1" 304 - "http://localhost:3000/login" "Mozilla/5.0 (Windows NT 10.0; WOW64) AppleWebKit/537.36 (KHTML, like Gecko) Chrome/68.0.3440.106 Safari/537.36"
::1 - - [Fri, 22 Feb 2019 08:51:16 GMT] "GET /stylesheets/style.css HTTP/1.1" 304 - "http://localhost:3000/reg" "Mozilla/5.0 (Windows NT 10.0; WOW64) AppleWebKit/537.36 (KHTML, like Gecko) Chrome/68.0.3440.106 Safari/537.36"
::1 - - [Fri, 22 Feb 2019 08:51:16 GMT] "GET /favicon.ico HTTP/1.1" 304 - "http://localhost:3000/reg" "Mozilla/5.0 (Windows NT 10.0; WOW64) AppleWebKit/537.36 (KHTML, like Gecko) Chrome/68.0.3440.106 Safari/537.36"
::1 - - [Fri, 22 Feb 2019 08:51:17 GMT] "GET /archive HTTP/1.1" - - "http://localhost:3000/reg" "Mozilla/5.0 (Windows NT 10.0; WOW64) AppleWebKit/537.36 (KHTML, like Gecko) Chrome/68.0.3440.106 Safari/537.36"
::1 - - [Fri, 22 Feb 2019 08:51:17 GMT] "GET / HTTP/1.1" - - "http://localhost:3000/reg" "Mozilla/5.0 (Windows NT 10.0; WOW64) AppleWebKit/537.36 (KHTML, like Gecko) Chrome/68.0.3440.106 Safari/537.36"
::1 - - [Fri, 22 Feb 2019 08:51:18 GMT] "GET /archive HTTP/1.1" - - "http://localhost:3000/reg" "Mozilla/5.0 (Windows NT 10.0; WOW64) AppleWebKit/537.36 (KHTML, like Gecko) Chrome/68.0.3440.106 Safari/537.36"
::1 - - [Fri, 22 Feb 2019 08:51:18 GMT] "GET /login HTTP/1.1" 304 - "http://localhost:3000/reg" "Mozilla/5.0 (Windows NT 10.0; WOW64) AppleWebKit/537.36 (KHTML, like Gecko) Chrome/68.0.3440.106 Safari/537.36"
::1 - - [Fri, 22 Feb 2019 08:51:18 GMT] "GET /stylesheets/style.css HTTP/1.1" 304 - "http://localhost:3000/login" "Mozilla/5.0 (Windows NT 10.0; WOW64) AppleWebKit/537.36 (KHTML, like Gecko) Chrome/68.0.3440.106 Safari/537.36"
::1 - - [Fri, 22 Feb 2019 08:51:18 GMT] "GET /favicon.ico HTTP/1.1" 304 - "http://localhost:3000/login" "Mozilla/5.0 (Windows NT 10.0; WOW64) AppleWebKit/537.36 (KHTML, like Gecko) Chrome/68.0.3440.106 Safari/537.36"
::1 - - [Fri, 22 Feb 2019 08:51:19 GMT] "POST /login HTTP/1.1" 500 886 "http://localhost:3000/login" "Mozilla/5.0 (Windows NT 10.0; WOW64) AppleWebKit/537.36 (KHTML, like Gecko) Chrome/68.0.3440.106 Safari/537.36"
::1 - - [Fri, 22 Feb 2019 08:51:19 GMT] "GET /favicon.ico HTTP/1.1" 304 - "http://localhost:3000/login" "Mozilla/5.0 (Windows NT 10.0; WOW64) AppleWebKit/537.36 (KHTML, like Gecko) Chrome/68.0.3440.106 Safari/537.36"
::1 - - [Fri, 22 Feb 2019 08:51:22 GMT] "GET /favicon.ico HTTP/1.1" 304 - "http://localhost:3000/login" "Mozilla/5.0 (Windows NT 10.0; WOW64) AppleWebKit/537.36 (KHTML, like Gecko) Chrome/68.0.3440.106 Safari/537.36"
::1 - - [Fri, 22 Feb 2019 08:56:51 GMT] "GET /login HTTP/1.1" 304 - "http://localhost:3000/reg" "Mozilla/5.0 (Windows NT 10.0; WOW64) AppleWebKit/537.36 (KHTML, like Gecko) Chrome/68.0.3440.106 Safari/537.36"
::1 - - [Fri, 22 Feb 2019 08:56:51 GMT] "GET /stylesheets/style.css HTTP/1.1" 304 - "http://localhost:3000/login" "Mozilla/5.0 (Windows NT 10.0; WOW64) AppleWebKit/537.36 (KHTML, like Gecko) Chrome/68.0.3440.106 Safari/537.36"
::1 - - [Fri, 22 Feb 2019 08:56:51 GMT] "GET /favicon.ico HTTP/1.1" 200 216 "http://localhost:3000/login" "Mozilla/5.0 (Windows NT 10.0; WOW64) AppleWebKit/537.36 (KHTML, like Gecko) Chrome/68.0.3440.106 Safari/537.36"
::1 - - [Fri, 22 Feb 2019 08:56:53 GMT] "POST /login HTTP/1.1" 500 886 "http://localhost:3000/login" "Mozilla/5.0 (Windows NT 10.0; WOW64) AppleWebKit/537.36 (KHTML, like Gecko) Chrome/68.0.3440.106 Safari/537.36"
::1 - - [Fri, 22 Feb 2019 08:56:53 GMT] "GET /favicon.ico HTTP/1.1" 304 - "http://localhost:3000/login" "Mozilla/5.0 (Windows NT 10.0; WOW64) AppleWebKit/537.36 (KHTML, like Gecko) Chrome/68.0.3440.106 Safari/537.36"
::1 - - [Fri, 22 Feb 2019 08:58:32 GMT] "POST /login HTTP/1.1" 500 886 "http://localhost:3000/login" "Mozilla/5.0 (Windows NT 10.0; WOW64) AppleWebKit/537.36 (KHTML, like Gecko) Chrome/68.0.3440.106 Safari/537.36"
::1 - - [Fri, 22 Feb 2019 08:58:32 GMT] "GET /favicon.ico HTTP/1.1" 200 216 "http://localhost:3000/login" "Mozilla/5.0 (Windows NT 10.0; WOW64) AppleWebKit/537.36 (KHTML, like Gecko) Chrome/68.0.3440.106 Safari/537.36"
::1 - - [Fri, 22 Feb 2019 08:58:34 GMT] "GET /favicon.ico HTTP/1.1" 304 - "http://localhost:3000/login" "Mozilla/5.0 (Windows NT 10.0; WOW64) AppleWebKit/537.36 (KHTML, like Gecko) Chrome/68.0.3440.106 Safari/537.36"
::1 - - [Fri, 22 Feb 2019 08:58:35 GMT] "GET /login HTTP/1.1" 304 - "http://localhost:3000/reg" "Mozilla/5.0 (Windows NT 10.0; WOW64) AppleWebKit/537.36 (KHTML, like Gecko) Chrome/68.0.3440.106 Safari/537.36"
::1 - - [Fri, 22 Feb 2019 08:58:35 GMT] "GET /stylesheets/style.css HTTP/1.1" 304 - "http://localhost:3000/login" "Mozilla/5.0 (Windows NT 10.0; WOW64) AppleWebKit/537.36 (KHTML, like Gecko) Chrome/68.0.3440.106 Safari/537.36"
::1 - - [Fri, 22 Feb 2019 08:58:35 GMT] "GET /favicon.ico HTTP/1.1" 200 216 "http://localhost:3000/login" "Mozilla/5.0 (Windows NT 10.0; WOW64) AppleWebKit/537.36 (KHTML, like Gecko) Chrome/68.0.3440.106 Safari/537.36"
::1 - - [Fri, 22 Feb 2019 08:58:36 GMT] "POST /login HTTP/1.1" 500 886 "http://localhost:3000/login" "Mozilla/5.0 (Windows NT 10.0; WOW64) AppleWebKit/537.36 (KHTML, like Gecko) Chrome/68.0.3440.106 Safari/537.36"
::1 - - [Fri, 22 Feb 2019 08:58:36 GMT] "GET /favicon.ico HTTP/1.1" 304 - "http://localhost:3000/login" "Mozilla/5.0 (Windows NT 10.0; WOW64) AppleWebKit/537.36 (KHTML, like Gecko) Chrome/68.0.3440.106 Safari/537.36"
::1 - - [Fri, 22 Feb 2019 09:00:22 GMT] "GET /favicon.ico HTTP/1.1" 304 - "http://localhost:3000/login" "Mozilla/5.0 (Windows NT 10.0; WOW64) AppleWebKit/537.36 (KHTML, like Gecko) Chrome/68.0.3440.106 Safari/537.36"
::1 - - [Fri, 22 Feb 2019 09:00:25 GMT] "GET / HTTP/1.1" - - "http://localhost:3000/login" "Mozilla/5.0 (Windows NT 10.0; WOW64) AppleWebKit/537.36 (KHTML, like Gecko) Chrome/68.0.3440.106 Safari/537.36"
::1 - - [Fri, 22 Feb 2019 09:00:26 GMT] "GET / HTTP/1.1" - - "http://localhost:3000/login" "Mozilla/5.0 (Windows NT 10.0; WOW64) AppleWebKit/537.36 (KHTML, like Gecko) Chrome/68.0.3440.106 Safari/537.36"
::1 - - [Fri, 22 Feb 2019 09:01:37 GMT] "GET / HTTP/1.1" - - "-" "Mozilla/5.0 (Windows NT 10.0; WOW64) AppleWebKit/537.36 (KHTML, like Gecko) Chrome/68.0.3440.106 Safari/537.36"
::1 - - [Fri, 22 Feb 2019 09:06:19 GMT] "GET / HTTP/1.1" - - "-" "Mozilla/5.0 (Windows NT 10.0; WOW64) AppleWebKit/537.36 (KHTML, like Gecko) Chrome/68.0.3440.106 Safari/537.36"
::1 - - [Fri, 22 Feb 2019 09:06:19 GMT] "GET /login HTTP/1.1" 304 - "-" "Mozilla/5.0 (Windows NT 10.0; WOW64) AppleWebKit/537.36 (KHTML, like Gecko) Chrome/68.0.3440.106 Safari/537.36"
::1 - - [Fri, 22 Feb 2019 09:06:19 GMT] "GET /stylesheets/style.css HTTP/1.1" 304 - "http://localhost:3000/login" "Mozilla/5.0 (Windows NT 10.0; WOW64) AppleWebKit/537.36 (KHTML, like Gecko) Chrome/68.0.3440.106 Safari/537.36"
::1 - - [Fri, 22 Feb 2019 09:06:19 GMT] "GET /favicon.ico HTTP/1.1" 304 - "http://localhost:3000/login" "Mozilla/5.0 (Windows NT 10.0; WOW64) AppleWebKit/537.36 (KHTML, like Gecko) Chrome/68.0.3440.106 Safari/537.36"
::1 - - [Fri, 22 Feb 2019 09:06:24 GMT] "POST /login HTTP/1.1" - - "http://localhost:3000/login" "Mozilla/5.0 (Windows NT 10.0; WOW64) AppleWebKit/537.36 (KHTML, like Gecko) Chrome/68.0.3440.106 Safari/537.36"
::1 - - [Fri, 22 Feb 2019 09:06:24 GMT] "POST /login HTTP/1.1" - - "http://localhost:3000/login" "Mozilla/5.0 (Windows NT 10.0; WOW64) AppleWebKit/537.36 (KHTML, like Gecko) Chrome/68.0.3440.106 Safari/537.36"
::1 - - [Fri, 22 Feb 2019 09:06:24 GMT] "POST /login HTTP/1.1" - - "http://localhost:3000/login" "Mozilla/5.0 (Windows NT 10.0; WOW64) AppleWebKit/537.36 (KHTML, like Gecko) Chrome/68.0.3440.106 Safari/537.36"
::1 - - [Fri, 22 Feb 2019 09:06:25 GMT] "POST /login HTTP/1.1" - - "http://localhost:3000/login" "Mozilla/5.0 (Windows NT 10.0; WOW64) AppleWebKit/537.36 (KHTML, like Gecko) Chrome/68.0.3440.106 Safari/537.36"
::1 - - [Fri, 22 Feb 2019 09:06:25 GMT] "POST /login HTTP/1.1" - - "http://localhost:3000/login" "Mozilla/5.0 (Windows NT 10.0; WOW64) AppleWebKit/537.36 (KHTML, like Gecko) Chrome/68.0.3440.106 Safari/537.36"
::1 - - [Fri, 22 Feb 2019 09:06:25 GMT] "POST /login HTTP/1.1" - - "http://localhost:3000/login" "Mozilla/5.0 (Windows NT 10.0; WOW64) AppleWebKit/537.36 (KHTML, like Gecko) Chrome/68.0.3440.106 Safari/537.36"
::1 - - [Fri, 22 Feb 2019 09:06:25 GMT] "POST /login HTTP/1.1" - - "http://localhost:3000/login" "Mozilla/5.0 (Windows NT 10.0; WOW64) AppleWebKit/537.36 (KHTML, like Gecko) Chrome/68.0.3440.106 Safari/537.36"
::1 - - [Fri, 22 Feb 2019 09:06:25 GMT] "POST /login HTTP/1.1" - - "http://localhost:3000/login" "Mozilla/5.0 (Windows NT 10.0; WOW64) AppleWebKit/537.36 (KHTML, like Gecko) Chrome/68.0.3440.106 Safari/537.36"
::1 - - [Fri, 22 Feb 2019 09:06:25 GMT] "POST /login HTTP/1.1" - - "http://localhost:3000/login" "Mozilla/5.0 (Windows NT 10.0; WOW64) AppleWebKit/537.36 (KHTML, like Gecko) Chrome/68.0.3440.106 Safari/537.36"
::1 - - [Fri, 22 Feb 2019 09:06:28 GMT] "POST /login HTTP/1.1" - - "http://localhost:3000/login" "Mozilla/5.0 (Windows NT 10.0; WOW64) AppleWebKit/537.36 (KHTML, like Gecko) Chrome/68.0.3440.106 Safari/537.36"
::ffff:127.0.0.1 - - [Fri, 22 Feb 2019 09:07:14 GMT] "POST /login HTTP/1.1" 500 886 "http://localhost:3000/login" "Mozilla/5.0 (Windows NT 10.0; WOW64) AppleWebKit/537.36 (KHTML, like Gecko) Chrome/68.0.3440.106 Safari/537.36"
::ffff:127.0.0.1 - - [Fri, 22 Feb 2019 09:07:14 GMT] "GET /favicon.ico HTTP/1.1" 304 - "http://localhost:3000/login" "Mozilla/5.0 (Windows NT 10.0; WOW64) AppleWebKit/537.36 (KHTML, like Gecko) Chrome/68.0.3440.106 Safari/537.36"
::1 - - [Fri, 22 Feb 2019 09:08:31 GMT] "POST /login HTTP/1.1" 500 886 "http://localhost:3000/login" "Mozilla/5.0 (Windows NT 10.0; WOW64) AppleWebKit/537.36 (KHTML, like Gecko) Chrome/68.0.3440.106 Safari/537.36"
::1 - - [Fri, 22 Feb 2019 09:08:31 GMT] "GET /favicon.ico HTTP/1.1" 200 216 "http://localhost:3000/login" "Mozilla/5.0 (Windows NT 10.0; WOW64) AppleWebKit/537.36 (KHTML, like Gecko) Chrome/68.0.3440.106 Safari/537.36"
::ffff:127.0.0.1 - - [Fri, 22 Feb 2019 09:09:02 GMT] "GET / HTTP/1.1" 500 904 "-" "Mozilla/5.0 (Windows NT 10.0; WOW64) AppleWebKit/537.36 (KHTML, like Gecko) Chrome/68.0.3440.106 Safari/537.36"
::ffff:127.0.0.1 - - [Fri, 22 Feb 2019 09:09:02 GMT] "GET /favicon.ico HTTP/1.1" 304 - "http://localhost:3000/" "Mozilla/5.0 (Windows NT 10.0; WOW64) AppleWebKit/537.36 (KHTML, like Gecko) Chrome/68.0.3440.106 Safari/537.36"
::1 - - [Fri, 22 Feb 2019 09:12:03 GMT] "GET /login HTTP/1.1" 304 - "-" "Mozilla/5.0 (Windows NT 10.0; WOW64) AppleWebKit/537.36 (KHTML, like Gecko) Chrome/68.0.3440.106 Safari/537.36"
::1 - - [Fri, 22 Feb 2019 09:12:03 GMT] "GET /stylesheets/style.css HTTP/1.1" 304 - "http://localhost:3000/login" "Mozilla/5.0 (Windows NT 10.0; WOW64) AppleWebKit/537.36 (KHTML, like Gecko) Chrome/68.0.3440.106 Safari/537.36"
::1 - - [Fri, 22 Feb 2019 09:12:03 GMT] "GET /favicon.ico HTTP/1.1" 304 - "http://localhost:3000/login" "Mozilla/5.0 (Windows NT 10.0; WOW64) AppleWebKit/537.36 (KHTML, like Gecko) Chrome/68.0.3440.106 Safari/537.36"
::1 - - [Fri, 22 Feb 2019 09:12:09 GMT] "POST /login HTTP/1.1" 302 46 "http://localhost:3000/login" "Mozilla/5.0 (Windows NT 10.0; WOW64) AppleWebKit/537.36 (KHTML, like Gecko) Chrome/68.0.3440.106 Safari/537.36"
::1 - - [Fri, 22 Feb 2019 09:12:50 GMT] "GET /login HTTP/1.1" 200 974 "-" "Mozilla/5.0 (Windows NT 10.0; WOW64) AppleWebKit/537.36 (KHTML, like Gecko) Chrome/68.0.3440.106 Safari/537.36"
::1 - - [Fri, 22 Feb 2019 09:12:50 GMT] "GET /stylesheets/style.css HTTP/1.1" 304 - "http://localhost:3000/login" "Mozilla/5.0 (Windows NT 10.0; WOW64) AppleWebKit/537.36 (KHTML, like Gecko) Chrome/68.0.3440.106 Safari/537.36"
::1 - - [Fri, 22 Feb 2019 09:12:50 GMT] "GET /favicon.ico HTTP/1.1" 200 216 "http://localhost:3000/login" "Mozilla/5.0 (Windows NT 10.0; WOW64) AppleWebKit/537.36 (KHTML, like Gecko) Chrome/68.0.3440.106 Safari/537.36"
::1 - - [Fri, 22 Feb 2019 09:12:57 GMT] "POST /login HTTP/1.1" 302 46 "http://localhost:3000/login" "Mozilla/5.0 (Windows NT 10.0; WOW64) AppleWebKit/537.36 (KHTML, like Gecko) Chrome/68.0.3440.106 Safari/537.36"
::1 - - [Fri, 22 Feb 2019 09:12:57 GMT] "GET / HTTP/1.1" 200 6262 "http://localhost:3000/login" "Mozilla/5.0 (Windows NT 10.0; WOW64) AppleWebKit/537.36 (KHTML, like Gecko) Chrome/68.0.3440.106 Safari/537.36"
::1 - - [Fri, 22 Feb 2019 09:12:57 GMT] "GET /stylesheets/style.css HTTP/1.1" 304 - "http://localhost:3000/" "Mozilla/5.0 (Windows NT 10.0; WOW64) AppleWebKit/537.36 (KHTML, like Gecko) Chrome/68.0.3440.106 Safari/537.36"
::1 - - [Fri, 22 Feb 2019 09:12:57 GMT] "GET /favicon.ico HTTP/1.1" 304 - "http://localhost:3000/" "Mozilla/5.0 (Windows NT 10.0; WOW64) AppleWebKit/537.36 (KHTML, like Gecko) Chrome/68.0.3440.106 Safari/537.36"
::1 - - [Fri, 22 Feb 2019 09:12:58 GMT] "GET / HTTP/1.1" 304 - "http://localhost:3000/" "Mozilla/5.0 (Windows NT 10.0; WOW64) AppleWebKit/537.36 (KHTML, like Gecko) Chrome/68.0.3440.106 Safari/537.36"
::1 - - [Fri, 22 Feb 2019 09:12:58 GMT] "GET /stylesheets/style.css HTTP/1.1" 304 - "http://localhost:3000/" "Mozilla/5.0 (Windows NT 10.0; WOW64) AppleWebKit/537.36 (KHTML, like Gecko) Chrome/68.0.3440.106 Safari/537.36"
::1 - - [Fri, 22 Feb 2019 09:12:58 GMT] "GET /favicon.ico HTTP/1.1" 304 - "http://localhost:3000/" "Mozilla/5.0 (Windows NT 10.0; WOW64) AppleWebKit/537.36 (KHTML, like Gecko) Chrome/68.0.3440.106 Safari/537.36"
::1 - - [Fri, 22 Feb 2019 09:12:59 GMT] "GET / HTTP/1.1" 304 - "http://localhost:3000/" "Mozilla/5.0 (Windows NT 10.0; WOW64) AppleWebKit/537.36 (KHTML, like Gecko) Chrome/68.0.3440.106 Safari/537.36"
::1 - - [Fri, 22 Feb 2019 09:12:59 GMT] "GET /stylesheets/style.css HTTP/1.1" 304 - "http://localhost:3000/" "Mozilla/5.0 (Windows NT 10.0; WOW64) AppleWebKit/537.36 (KHTML, like Gecko) Chrome/68.0.3440.106 Safari/537.36"
::1 - - [Fri, 22 Feb 2019 09:12:59 GMT] "GET /favicon.ico HTTP/1.1" 304 - "http://localhost:3000/" "Mozilla/5.0 (Windows NT 10.0; WOW64) AppleWebKit/537.36 (KHTML, like Gecko) Chrome/68.0.3440.106 Safari/537.36"
::1 - - [Fri, 22 Feb 2019 09:13:00 GMT] "GET / HTTP/1.1" 304 - "http://localhost:3000/" "Mozilla/5.0 (Windows NT 10.0; WOW64) AppleWebKit/537.36 (KHTML, like Gecko) Chrome/68.0.3440.106 Safari/537.36"
::1 - - [Fri, 22 Feb 2019 09:13:00 GMT] "GET /stylesheets/style.css HTTP/1.1" 304 - "http://localhost:3000/" "Mozilla/5.0 (Windows NT 10.0; WOW64) AppleWebKit/537.36 (KHTML, like Gecko) Chrome/68.0.3440.106 Safari/537.36"
::1 - - [Fri, 22 Feb 2019 09:13:00 GMT] "GET /favicon.ico HTTP/1.1" 304 - "http://localhost:3000/" "Mozilla/5.0 (Windows NT 10.0; WOW64) AppleWebKit/537.36 (KHTML, like Gecko) Chrome/68.0.3440.106 Safari/537.36"
::1 - - [Fri, 22 Feb 2019 09:13:00 GMT] "GET / HTTP/1.1" 304 - "http://localhost:3000/" "Mozilla/5.0 (Windows NT 10.0; WOW64) AppleWebKit/537.36 (KHTML, like Gecko) Chrome/68.0.3440.106 Safari/537.36"
::1 - - [Fri, 22 Feb 2019 09:13:00 GMT] "GET /stylesheets/style.css HTTP/1.1" 304 - "http://localhost:3000/" "Mozilla/5.0 (Windows NT 10.0; WOW64) AppleWebKit/537.36 (KHTML, like Gecko) Chrome/68.0.3440.106 Safari/537.36"
::1 - - [Fri, 22 Feb 2019 09:13:00 GMT] "GET /favicon.ico HTTP/1.1" 304 - "http://localhost:3000/" "Mozilla/5.0 (Windows NT 10.0; WOW64) AppleWebKit/537.36 (KHTML, like Gecko) Chrome/68.0.3440.106 Safari/537.36"
::1 - - [Fri, 22 Feb 2019 09:13:30 GMT] "GET / HTTP/1.1" 200 6206 "-" "Mozilla/5.0 (Windows NT 10.0; WOW64) AppleWebKit/537.36 (KHTML, like Gecko) Chrome/68.0.3440.106 Safari/537.36"
::1 - - [Fri, 22 Feb 2019 09:13:30 GMT] "GET /stylesheets/style.css HTTP/1.1" 304 - "http://localhost:3000/" "Mozilla/5.0 (Windows NT 10.0; WOW64) AppleWebKit/537.36 (KHTML, like Gecko) Chrome/68.0.3440.106 Safari/537.36"
::1 - - [Fri, 22 Feb 2019 09:13:30 GMT] "GET /favicon.ico HTTP/1.1" 200 216 "http://localhost:3000/" "Mozilla/5.0 (Windows NT 10.0; WOW64) AppleWebKit/537.36 (KHTML, like Gecko) Chrome/68.0.3440.106 Safari/537.36"
::1 - - [Fri, 22 Feb 2019 09:13:32 GMT] "GET /archive HTTP/1.1" 200 2789 "http://localhost:3000/" "Mozilla/5.0 (Windows NT 10.0; WOW64) AppleWebKit/537.36 (KHTML, like Gecko) Chrome/68.0.3440.106 Safari/537.36"
::1 - - [Fri, 22 Feb 2019 09:13:32 GMT] "GET /stylesheets/style.css HTTP/1.1" 304 - "http://localhost:3000/archive" "Mozilla/5.0 (Windows NT 10.0; WOW64) AppleWebKit/537.36 (KHTML, like Gecko) Chrome/68.0.3440.106 Safari/537.36"
::1 - - [Fri, 22 Feb 2019 09:13:32 GMT] "GET /favicon.ico HTTP/1.1" 304 - "http://localhost:3000/archive" "Mozilla/5.0 (Windows NT 10.0; WOW64) AppleWebKit/537.36 (KHTML, like Gecko) Chrome/68.0.3440.106 Safari/537.36"
::1 - - [Fri, 22 Feb 2019 09:13:33 GMT] "GET / HTTP/1.1" 304 - "http://localhost:3000/archive" "Mozilla/5.0 (Windows NT 10.0; WOW64) AppleWebKit/537.36 (KHTML, like Gecko) Chrome/68.0.3440.106 Safari/537.36"
::1 - - [Fri, 22 Feb 2019 09:13:33 GMT] "GET /stylesheets/style.css HTTP/1.1" 304 - "http://localhost:3000/" "Mozilla/5.0 (Windows NT 10.0; WOW64) AppleWebKit/537.36 (KHTML, like Gecko) Chrome/68.0.3440.106 Safari/537.36"
::1 - - [Fri, 22 Feb 2019 09:13:33 GMT] "GET /favicon.ico HTTP/1.1" 304 - "http://localhost:3000/" "Mozilla/5.0 (Windows NT 10.0; WOW64) AppleWebKit/537.36 (KHTML, like Gecko) Chrome/68.0.3440.106 Safari/537.36"
::1 - - [Fri, 22 Feb 2019 09:13:33 GMT] "GET /login HTTP/1.1" 200 974 "http://localhost:3000/" "Mozilla/5.0 (Windows NT 10.0; WOW64) AppleWebKit/537.36 (KHTML, like Gecko) Chrome/68.0.3440.106 Safari/537.36"
::1 - - [Fri, 22 Feb 2019 09:13:33 GMT] "GET /stylesheets/style.css HTTP/1.1" 304 - "http://localhost:3000/login" "Mozilla/5.0 (Windows NT 10.0; WOW64) AppleWebKit/537.36 (KHTML, like Gecko) Chrome/68.0.3440.106 Safari/537.36"
::1 - - [Fri, 22 Feb 2019 09:13:33 GMT] "GET /favicon.ico HTTP/1.1" 304 - "http://localhost:3000/login" "Mozilla/5.0 (Windows NT 10.0; WOW64) AppleWebKit/537.36 (KHTML, like Gecko) Chrome/68.0.3440.106 Safari/537.36"
::1 - - [Fri, 22 Feb 2019 09:13:34 GMT] "GET /reg HTTP/1.1" 304 - "http://localhost:3000/login" "Mozilla/5.0 (Windows NT 10.0; WOW64) AppleWebKit/537.36 (KHTML, like Gecko) Chrome/68.0.3440.106 Safari/537.36"
::1 - - [Fri, 22 Feb 2019 09:13:34 GMT] "GET /stylesheets/style.css HTTP/1.1" 304 - "http://localhost:3000/reg" "Mozilla/5.0 (Windows NT 10.0; WOW64) AppleWebKit/537.36 (KHTML, like Gecko) Chrome/68.0.3440.106 Safari/537.36"
::1 - - [Fri, 22 Feb 2019 09:13:34 GMT] "GET /favicon.ico HTTP/1.1" 304 - "http://localhost:3000/reg" "Mozilla/5.0 (Windows NT 10.0; WOW64) AppleWebKit/537.36 (KHTML, like Gecko) Chrome/68.0.3440.106 Safari/537.36"
